<!DOCTYPE html>
<html>
<head>

<meta http-equiv="Content-Type" content="text/html; charset=UTF-8" />

<script src="js/jquery.min.js"></script>
<script src="js/jquery.tablesorter.min.js"></script>
<script src="js/Chart.min.js"></script>
<script src="js/moment.min.js"></script>
<script src="js/bootstrap.min.js"></script>

<link rel="stylesheet" href="css/bootstrap.min.css" type="text/css"/>
<link rel="stylesheet" href="css/cucumber.css" type="text/css"/>
<link rel="stylesheet" href="css/font-awesome.min.css"/>
<link rel="shortcut icon" href="images/favicon.png"/>

<script>
$(document).ready(function() {
    // this will tell tablesorter to try looking for the data-value attribute
    // if present, it'll sort by that instead
    // otherwise, it'll sort by the text content of the table cell
    $("#tablesorter").tablesorter({
        textAttribute: 'data-value',
        // ignores the first row of the header, the 'scenario', 'steps', since
        // sorting those doesn't make sense
        selectorHeaders: '> thead tr:not(.dont-sort) th',
        // use a stable sort
        sortStable: true
    });
});
</script>











<title>Cucumber Reports  - Feature: US-001 Login Function without any credential</title>

</head>
<body>

<nav class="navbar navbar-default navbar-fixed-top" id="navigation">
  <div class="container-fluid">
    <div class="collapse navbar-collapse">
      <p class="navbar-text navbar-left">Cucumber Report</p>
      <ul class="nav navbar-nav navbar-right">
        <li role="presentation" ><a href="overview-features.html">Features</a></li>
        <li role="presentation" ><a href="overview-tags.html">Tags</a></li>
        <li role="presentation" ><a href="overview-steps.html">Steps</a></li>
        <li role="presentation" ><a href="overview-failures.html">Failures</a></li>
      </ul>
    </div>
  </div>
</nav>


<div class="container-fluid">
  <div class="col-md-5 col-md-offset-1">

<table class="table table-bordered" id="build-info">
  <thead>
    <tr>
      <th>Project</th>
      <th>Date</th>
    </tr>
  </thead>
  <tbody>
    <tr class="info">
      <td>No Name (add projectName to cucumber-reporting.properties)</td>
      <td>18 Nis 2023, 23:16</td>
    </tr>
  </tbody>
</table>

  </div>
  <div class="col-md-3 col-md-offset-2">
  </div>
</div>


<div id="report-lead" class="container-fluid">
  <div class="col-md-10 col-md-offset-1">
    <h2>Feature Report</h2>
  </div>
</div>


<div class="container-fluid" id="report">
  <div class="row">
    <div class="col-md-10 col-md-offset-1">
      <table class="stats-table">


<thead>
  <tr class="header dont-sort">
      <th></th>
    <th colspan="6">Steps</th>
    <th colspan="3">Scenarios</th>
    <th colspan="2">Features</th>
  </tr>
  <tr>
    <th>Feature</th>
    <th class="passed">Passed</th>
    <th class="failed">Failed</th>
    <th class="skipped">Skipped</th>
    <th class="pending">Pending</th>
    <th class="undefined">Undefined</th>
    <th class="total">Total</th>

    <th class="passed">Passed</th>
    <th class="failed">Failed</th>
    <th class="total">Total</th>

    <th>Duration</th>
    <th>Status</th>
  </tr>
</thead>


        <tbody>
        <tr>
          <td class="tagname">US-001 Login Function without any credential</td>
          <td      class="passed"    >14</td>
          <td      class="failed"    >1</td>
          <td     class="skipped"   >25</td>
          <td >0</td>
          <td >0</td>
          <td class="total">40</td>

          <td  class="passed"    >4</td>
          <td  class="failed"    >10</td>
          <td class="total">14</td>

          <td class="duration" data-value="82479622700">1:22.479</td>
          <td class="fa&#305;led">Fa&#305;led</td>
        </tr>
        </tbody>

      </table>
    </div>
  </div>
</div>



<div class="container-fluid">
  <div class="row">
    <div class="col-md-1 col-md-offset-10">
      <i class="fa fa-chevron-circle-down fa-2x collapsable-control"
        onClick="javascript:$('#report .collapsable-details').collapse('show')"></i>
      <i class="fa fa-chevron-circle-up fa-2x collapsable-control"
        onClick="javascript:$('#report .collapsable-details').collapse('hide')"></i>
    </div>
  </div>
</div>


<div class="container-fluid" id="report">
  <div class="row">
    <div class="col-md-10 col-md-offset-1">
      <div class="feature">

<div class="tags indention">
    <b>Tags:</b>
       <a href="report-tag_3353682684.html">@FLEET10-1031</a>
</div>


<div class="brief fa&#305;led">
  <span class="keyword indention">Feature</span>
  <span class="name">US-001 Login Function without any credential</span>


</div>

        <div class="description indention">  Agile Story : As a user, I should be able to log in</div>

        <div class="elements inner-level">

<div class="element">


<div class="tags indention">
</div>


  <span class="lead-duration duration">0.026</span>


  <span data-toggle="collapse" class=" collapsed  collapsable-control" data-target="#element-1">

<div class="brief passed">
  <span class="keyword indention">Background</span>
  <span class="name"></span>


     <i class="chevron fa fa-fw"></i>
</div>

  </span>
  <div class="description indention"></div>

  <div id="element-1" class="collapse collapsable-details ">





<div class="steps inner-level">
  <div data-toggle="collapse" class=" collapsed  collapsable-control" data-target="#steps-2">

<div class="brief passed">
  <span class="keyword indention">Steps</span>
  <span class="name"></span>


     <i class="chevron fa fa-fw"></i>
</div>

  </div>

  <div id="steps-2" class="inner-level collapse collapsable-details ">
      <div class="step">


<div class="brief step-name-Given passed">
  <span class="keyword indention">Given</span>
  <span class="name">User is on the login page</span>

  <span class="lead-duration duration">0.026</span>

</div>
















      </div>
  </div>
</div>





  </div>
</div>


<div class="element">


<div class="tags indention">
    <b>Tags:</b>
       <a href="report-tag_3353682684.html">@FLEET10-1031</a>
       <a href="report-tag_3353682658.html">@FLEET10-1026</a>
</div>


  <span class="lead-duration duration">6.962</span>


  <span data-toggle="collapse" class=" collapsed  collapsable-control" data-target="#element-3">

<div class="brief passed">
  <span class="keyword indention">Scenario</span>
  <span class="name">Login as a Driver</span>


     <i class="chevron fa fa-fw"></i>
</div>

  </span>
  <div class="description indention"></div>

  <div id="element-3" class="collapse collapsable-details ">


  <div class="inner-level hooks-element-before">
    <div data-toggle="collapse" class=" collapsed  collapsable-control" data-target="#before-4">

<div class="brief passed">
  <span class="keyword indention">Hooks</span>
  <span class="name"></span>


     <i class="chevron fa fa-fw"></i>
</div>

    </div>

    <div id="before-4" class="inner-level collapse collapsable-details ">
        <div class="hook">
          <div class="brief passed">
            <span class="keyword indention">Before</span>
              <span class="location name">com.cydeo.step_definitions.Hooks.setupScenario()</span>

  <span class="lead-duration duration">4.284</span>

          </div>







        </div>
    </div>
  </div>



<div class="steps inner-level">
  <div data-toggle="collapse" class=" collapsed  collapsable-control" data-target="#steps-5">

<div class="brief passed">
  <span class="keyword indention">Steps</span>
  <span class="name"></span>


     <i class="chevron fa fa-fw"></i>
</div>

  </div>

  <div id="steps-5" class="inner-level collapse collapsable-details ">
      <div class="step">


<div class="brief step-name-When passed">
  <span class="keyword indention">When</span>
  <span class="name">The user logs in as a driver</span>

  <span class="lead-duration duration">2.452</span>

</div>
















      </div>
      <div class="step">


<div class="brief step-name-Then passed">
  <span class="keyword indention">Then</span>
  <span class="name">The user is on the Quick Launchpad page</span>

  <span class="lead-duration duration">4.509</span>

</div>
















      </div>
  </div>
</div>




  <div class="inner-level hooks-element-after">
    <div data-toggle="collapse" class=" collapsed  collapsable-control" data-target="#after-6">

<div class="brief passed">
  <span class="keyword indention">Hooks</span>
  <span class="name"></span>


     <i class="chevron fa fa-fw"></i>
</div>

    </div>

    <div id="after-6" class="inner-level collapse collapsable-details ">
        <div class="hook">
          <div class="brief passed">
            <span class="keyword indention">After</span>
              <span class="location name">com.cydeo.step_definitions.Hooks.teardownScenario(io.cucumber.java.Scenario)</span>

  <span class="lead-duration duration">0.000</span>

          </div>







        </div>
    </div>
  </div>

  </div>
</div>


<div class="element">


<div class="tags indention">
</div>


  <span class="lead-duration duration">0.001</span>


  <span data-toggle="collapse" class=" collapsed  collapsable-control" data-target="#element-7">

<div class="brief passed">
  <span class="keyword indention">Background</span>
  <span class="name"></span>


     <i class="chevron fa fa-fw"></i>
</div>

  </span>
  <div class="description indention"></div>

  <div id="element-7" class="collapse collapsable-details ">





<div class="steps inner-level">
  <div data-toggle="collapse" class=" collapsed  collapsable-control" data-target="#steps-8">

<div class="brief passed">
  <span class="keyword indention">Steps</span>
  <span class="name"></span>


     <i class="chevron fa fa-fw"></i>
</div>

  </div>

  <div id="steps-8" class="inner-level collapse collapsable-details ">
      <div class="step">


<div class="brief step-name-Given passed">
  <span class="keyword indention">Given</span>
  <span class="name">User is on the login page</span>

  <span class="lead-duration duration">0.001</span>

</div>
















      </div>
  </div>
</div>





  </div>
</div>


<div class="element">


<div class="tags indention">
    <b>Tags:</b>
       <a href="report-tag_3353682684.html">@FLEET10-1031</a>
       <a href="report-tag_3353682660.html">@FLEET10-1028</a>
</div>


  <span class="lead-duration duration">3.343</span>


  <span data-toggle="collapse" class=" collapsed  collapsable-control" data-target="#element-9">

<div class="brief passed">
  <span class="keyword indention">Scenario</span>
  <span class="name">Login as a sales manager</span>


     <i class="chevron fa fa-fw"></i>
</div>

  </span>
  <div class="description indention"></div>

  <div id="element-9" class="collapse collapsable-details ">


  <div class="inner-level hooks-element-before">
    <div data-toggle="collapse" class=" collapsed  collapsable-control" data-target="#before-10">

<div class="brief passed">
  <span class="keyword indention">Hooks</span>
  <span class="name"></span>


     <i class="chevron fa fa-fw"></i>
</div>

    </div>

    <div id="before-10" class="inner-level collapse collapsable-details ">
        <div class="hook">
          <div class="brief passed">
            <span class="keyword indention">Before</span>
              <span class="location name">com.cydeo.step_definitions.Hooks.setupScenario()</span>

  <span class="lead-duration duration">1.479</span>

          </div>







        </div>
    </div>
  </div>



<div class="steps inner-level">
  <div data-toggle="collapse" class=" collapsed  collapsable-control" data-target="#steps-11">

<div class="brief passed">
  <span class="keyword indention">Steps</span>
  <span class="name"></span>


     <i class="chevron fa fa-fw"></i>
</div>

  </div>

  <div id="steps-11" class="inner-level collapse collapsable-details ">
      <div class="step">


<div class="brief step-name-When passed">
  <span class="keyword indention">When</span>
  <span class="name">The user logs in as a sales manager</span>

  <span class="lead-duration duration">2.150</span>

</div>
















      </div>
      <div class="step">


<div class="brief step-name-Then passed">
  <span class="keyword indention">Then</span>
  <span class="name">The user is on the Dashboard page</span>

  <span class="lead-duration duration">1.192</span>

</div>
















      </div>
  </div>
</div>




  <div class="inner-level hooks-element-after">
    <div data-toggle="collapse" class=" collapsed  collapsable-control" data-target="#after-12">

<div class="brief passed">
  <span class="keyword indention">Hooks</span>
  <span class="name"></span>


     <i class="chevron fa fa-fw"></i>
</div>

    </div>

    <div id="after-12" class="inner-level collapse collapsable-details ">
        <div class="hook">
          <div class="brief passed">
            <span class="keyword indention">After</span>
              <span class="location name">com.cydeo.step_definitions.Hooks.teardownScenario(io.cucumber.java.Scenario)</span>

  <span class="lead-duration duration">0.098</span>

          </div>







        </div>
    </div>
  </div>

  </div>
</div>


<div class="element">


<div class="tags indention">
</div>


  <span class="lead-duration duration">0.000</span>


  <span data-toggle="collapse" class=" collapsed  collapsable-control" data-target="#element-13">

<div class="brief passed">
  <span class="keyword indention">Background</span>
  <span class="name"></span>


     <i class="chevron fa fa-fw"></i>
</div>

  </span>
  <div class="description indention"></div>

  <div id="element-13" class="collapse collapsable-details ">





<div class="steps inner-level">
  <div data-toggle="collapse" class=" collapsed  collapsable-control" data-target="#steps-14">

<div class="brief passed">
  <span class="keyword indention">Steps</span>
  <span class="name"></span>


     <i class="chevron fa fa-fw"></i>
</div>

  </div>

  <div id="steps-14" class="inner-level collapse collapsable-details ">
      <div class="step">


<div class="brief step-name-Given passed">
  <span class="keyword indention">Given</span>
  <span class="name">User is on the login page</span>

  <span class="lead-duration duration">0.000</span>

</div>
















      </div>
  </div>
</div>





  </div>
</div>


<div class="element">


<div class="tags indention">
    <b>Tags:</b>
       <a href="report-tag_3353682684.html">@FLEET10-1031</a>
       <a href="report-tag_3353682683.html">@FLEET10-1030</a>
</div>


  <span class="lead-duration duration">1:9.951</span>


  <span data-toggle="collapse" class=" collapsed  collapsable-control" data-target="#element-15">

<div class="brief passed">
  <span class="keyword indention">Scenario</span>
  <span class="name">Login as a store manager</span>


     <i class="chevron fa fa-fw"></i>
</div>

  </span>
  <div class="description indention"></div>

  <div id="element-15" class="collapse collapsable-details ">


  <div class="inner-level hooks-element-before">
    <div data-toggle="collapse" class=" collapsed  collapsable-control" data-target="#before-16">

<div class="brief passed">
  <span class="keyword indention">Hooks</span>
  <span class="name"></span>


     <i class="chevron fa fa-fw"></i>
</div>

    </div>

    <div id="before-16" class="inner-level collapse collapsable-details ">
        <div class="hook">
          <div class="brief passed">
            <span class="keyword indention">Before</span>
              <span class="location name">com.cydeo.step_definitions.Hooks.setupScenario()</span>

  <span class="lead-duration duration">2.480</span>

          </div>







        </div>
    </div>
  </div>



<div class="steps inner-level">
  <div data-toggle="collapse" class=" collapsed  collapsable-control" data-target="#steps-17">

<div class="brief passed">
  <span class="keyword indention">Steps</span>
  <span class="name"></span>


     <i class="chevron fa fa-fw"></i>
</div>

  </div>

  <div id="steps-17" class="inner-level collapse collapsable-details ">
      <div class="step">


<div class="brief step-name-When passed">
  <span class="keyword indention">When</span>
  <span class="name">The user logs in as a store manager</span>

  <span class="lead-duration duration">1:9.892</span>

</div>
















      </div>
      <div class="step">


<div class="brief step-name-Then passed">
  <span class="keyword indention">Then</span>
  <span class="name">The user is on the Dashboard page</span>

  <span class="lead-duration duration">0.058</span>

</div>
















      </div>
  </div>
</div>




  <div class="inner-level hooks-element-after">
    <div data-toggle="collapse" class=" collapsed  collapsable-control" data-target="#after-18">

<div class="brief passed">
  <span class="keyword indention">Hooks</span>
  <span class="name"></span>


     <i class="chevron fa fa-fw"></i>
</div>

    </div>

    <div id="after-18" class="inner-level collapse collapsable-details ">
        <div class="hook">
          <div class="brief passed">
            <span class="keyword indention">After</span>
              <span class="location name">com.cydeo.step_definitions.Hooks.teardownScenario(io.cucumber.java.Scenario)</span>

  <span class="lead-duration duration">0.120</span>

          </div>







        </div>
    </div>
  </div>

  </div>
</div>


<div class="element">


<div class="tags indention">
</div>


  <span class="lead-duration duration">0.001</span>


  <span data-toggle="collapse" class=" collapsed  collapsable-control" data-target="#element-19">

<div class="brief passed">
  <span class="keyword indention">Background</span>
  <span class="name"></span>


     <i class="chevron fa fa-fw"></i>
</div>

  </span>
  <div class="description indention"></div>

  <div id="element-19" class="collapse collapsable-details ">





<div class="steps inner-level">
  <div data-toggle="collapse" class=" collapsed  collapsable-control" data-target="#steps-20">

<div class="brief passed">
  <span class="keyword indention">Steps</span>
  <span class="name"></span>


     <i class="chevron fa fa-fw"></i>
</div>

  </div>

  <div id="steps-20" class="inner-level collapse collapsable-details ">
      <div class="step">


<div class="brief step-name-Given passed">
  <span class="keyword indention">Given</span>
  <span class="name">User is on the login page</span>

  <span class="lead-duration duration">0.001</span>

</div>
















      </div>
  </div>
</div>





  </div>
</div>


<div class="element">


<div class="tags indention">
    <b>Tags:</b>
       <a href="report-tag_3353682684.html">@FLEET10-1031</a>
       <a href="report-tag_3353682716.html">@FLEET10-1042</a>
</div>


  <span class="lead-duration duration">0.964</span>


  <span data-toggle="collapse" class=" collapsed  collapsable-control" data-target="#element-21">

<div class="brief passed">
  <span class="keyword indention">Scenario</span>
  <span class="name">Login with invalid username and valid password</span>


     <i class="chevron fa fa-fw"></i>
</div>

  </span>
  <div class="description indention"></div>

  <div id="element-21" class="collapse collapsable-details ">


  <div class="inner-level hooks-element-before">
    <div data-toggle="collapse" class=" collapsed  collapsable-control" data-target="#before-22">

<div class="brief passed">
  <span class="keyword indention">Hooks</span>
  <span class="name"></span>


     <i class="chevron fa fa-fw"></i>
</div>

    </div>

    <div id="before-22" class="inner-level collapse collapsable-details ">
        <div class="hook">
          <div class="brief passed">
            <span class="keyword indention">Before</span>
              <span class="location name">com.cydeo.step_definitions.Hooks.setupScenario()</span>

  <span class="lead-duration duration">2.284</span>

          </div>







        </div>
    </div>
  </div>



<div class="steps inner-level">
  <div data-toggle="collapse" class=" collapsed  collapsable-control" data-target="#steps-23">

<div class="brief passed">
  <span class="keyword indention">Steps</span>
  <span class="name"></span>


     <i class="chevron fa fa-fw"></i>
</div>

  </div>

  <div id="steps-23" class="inner-level collapse collapsable-details ">
      <div class="step">


<div class="brief step-name-When passed">
  <span class="keyword indention">When</span>
  <span class="name">The user enter invalid username and valid password</span>

  <span class="lead-duration duration">0.934</span>

</div>
















      </div>
      <div class="step">


<div class="brief step-name-Then passed">
  <span class="keyword indention">Then</span>
  <span class="name">The user see Invalid user name or password error message</span>

  <span class="lead-duration duration">0.029</span>

</div>
















      </div>
  </div>
</div>




  <div class="inner-level hooks-element-after">
    <div data-toggle="collapse" class=" collapsed  collapsable-control" data-target="#after-24">

<div class="brief passed">
  <span class="keyword indention">Hooks</span>
  <span class="name"></span>


     <i class="chevron fa fa-fw"></i>
</div>

    </div>

    <div id="after-24" class="inner-level collapse collapsable-details ">
        <div class="hook">
          <div class="brief passed">
            <span class="keyword indention">After</span>
              <span class="location name">com.cydeo.step_definitions.Hooks.teardownScenario(io.cucumber.java.Scenario)</span>

  <span class="lead-duration duration">0.074</span>

          </div>







        </div>
    </div>
  </div>

  </div>
</div>


<div class="element">


<div class="tags indention">
</div>


  <span class="lead-duration duration">0.000</span>


  <span data-toggle="collapse" class=" collapsed  collapsable-control" data-target="#element-25">

<div class="brief passed">
  <span class="keyword indention">Background</span>
  <span class="name"></span>


     <i class="chevron fa fa-fw"></i>
</div>

  </span>
  <div class="description indention"></div>

  <div id="element-25" class="collapse collapsable-details ">





<div class="steps inner-level">
  <div data-toggle="collapse" class=" collapsed  collapsable-control" data-target="#steps-26">

<div class="brief passed">
  <span class="keyword indention">Steps</span>
  <span class="name"></span>


     <i class="chevron fa fa-fw"></i>
</div>

  </div>

  <div id="steps-26" class="inner-level collapse collapsable-details ">
      <div class="step">


<div class="brief step-name-Given passed">
  <span class="keyword indention">Given</span>
  <span class="name">User is on the login page</span>

  <span class="lead-duration duration">0.000</span>

</div>
















      </div>
  </div>
</div>





  </div>
</div>


<div class="element">


<div class="tags indention">
    <b>Tags:</b>
       <a href="report-tag_3353682684.html">@FLEET10-1031</a>
       <a href="report-tag_3353682719.html">@FLEET10-1045</a>
</div>


  <span class="lead-duration duration">1.228</span>


  <span data-toggle="collapse" class=" collapsable-control" data-target="#element-27">

<div class="brief fa&#305;led">
  <span class="keyword indention">Scenario</span>
  <span class="name">Login with valid username and invalid password</span>


     <i class="chevron fa fa-fw"></i>
</div>

  </span>
  <div class="description indention"></div>

  <div id="element-27" class="collapse collapsable-details  in ">


  <div class="inner-level hooks-element-before">
    <div data-toggle="collapse" class=" collapsed  collapsable-control" data-target="#before-28">

<div class="brief passed">
  <span class="keyword indention">Hooks</span>
  <span class="name"></span>


     <i class="chevron fa fa-fw"></i>
</div>

    </div>

    <div id="before-28" class="inner-level collapse collapsable-details ">
        <div class="hook">
          <div class="brief passed">
            <span class="keyword indention">Before</span>
              <span class="location name">com.cydeo.step_definitions.Hooks.setupScenario()</span>

  <span class="lead-duration duration">1.828</span>

          </div>







        </div>
    </div>
  </div>



<div class="steps inner-level">
  <div data-toggle="collapse" class=" collapsable-control" data-target="#steps-29">

<div class="brief fa&#305;led">
  <span class="keyword indention">Steps</span>
  <span class="name"></span>


     <i class="chevron fa fa-fw"></i>
</div>

  </div>

  <div id="steps-29" class="inner-level collapse collapsable-details  in ">
      <div class="step">


<div class="brief step-name-When passed">
  <span class="keyword indention">When</span>
  <span class="name">The user enter valid username and invalid password</span>

  <span class="lead-duration duration">1.199</span>

</div>
















      </div>
      <div class="step">


<div class="brief step-name-Then fa&#305;led">
  <span class="keyword indention">Then</span>
  <span class="name">The user see Invalid user name or password error message</span>

  <span class="lead-duration duration">0.028</span>

</div>






  <div class="inner-level">
    <div class="message indention">
      <div data-toggle="collapse" class=" collapsable-control" data-target="#msg-30">
          <a>org.openqa.selenium.NoSuchWindowException:</a>
      </div>
      <div id="msg-30" class="collapse collapsable-details  in ">
        <pre>org.openqa.selenium.NoSuchWindowException: no such window: target window already closed
from unknown error: web view not found
  (Session info: chrome=111.0.5563.149)
Build info: version: '3.141.59', revision: 'e82be7d358', time: '2018-11-14T08:17:03'
System info: host: 'DESKTOP-2S9OFKM', ip: '192.168.1.107', os.name: 'Windows 10', os.arch: 'amd64', os.version: '10.0', java.version: '18'
Driver info: org.openqa.selenium.chrome.ChromeDriver
Capabilities {acceptInsecureCerts: false, browserName: chrome, browserVersion: 111.0.5563.149, chrome: {chromedriverVersion: 111.0.5563.64 (c710e93d5b63..., userDataDir: C:\Users\melte\AppData\Loca...}, goog:chromeOptions: {debuggerAddress: localhost:63121}, javascriptEnabled: true, networkConnectionEnabled: false, pageLoadStrategy: normal, platform: WINDOWS, platformName: WINDOWS, proxy: Proxy(), setWindowRect: true, strictFileInteractability: false, timeouts: {implicit: 0, pageLoad: 300000, script: 30000}, unhandledPromptBehavior: dismiss and notify, webauthn:extension:credBlob: true, webauthn:extension:largeBlob: true, webauthn:extension:minPinLength: true, webauthn:extension:prf: true, webauthn:virtualAuthenticators: true}
Session ID: 2651be0350489fb04e94c3a9d422803a
*** Element info: {Using=xpath, value=//div [@class = 'alert alert-error']/div}
	at java.base/jdk.internal.reflect.DirectConstructorHandleAccessor.newInstance(DirectConstructorHandleAccessor.java:67)
	at java.base/java.lang.reflect.Constructor.newInstanceWithCaller(Constructor.java:499)
	at java.base/java.lang.reflect.Constructor.newInstance(Constructor.java:483)
	at org.openqa.selenium.remote.http.W3CHttpResponseCodec.createException(W3CHttpResponseCodec.java:187)
	at org.openqa.selenium.remote.http.W3CHttpResponseCodec.decode(W3CHttpResponseCodec.java:122)
	at org.openqa.selenium.remote.http.W3CHttpResponseCodec.decode(W3CHttpResponseCodec.java:49)
	at org.openqa.selenium.remote.HttpCommandExecutor.execute(HttpCommandExecutor.java:158)
	at org.openqa.selenium.remote.service.DriverCommandExecutor.execute(DriverCommandExecutor.java:83)
	at org.openqa.selenium.remote.RemoteWebDriver.execute(RemoteWebDriver.java:552)
	at org.openqa.selenium.remote.RemoteWebDriver.findElement(RemoteWebDriver.java:323)
	at org.openqa.selenium.remote.RemoteWebDriver.findElementByXPath(RemoteWebDriver.java:428)
	at org.openqa.selenium.By$ByXPath.findElement(By.java:353)
	at org.openqa.selenium.remote.RemoteWebDriver.findElement(RemoteWebDriver.java:315)
	at org.openqa.selenium.support.pagefactory.DefaultElementLocator.findElement(DefaultElementLocator.java:69)
	at org.openqa.selenium.support.pagefactory.internal.LocatingElementHandler.invoke(LocatingElementHandler.java:38)
	at jdk.proxy2/jdk.proxy2.$Proxy22.getText(Unknown Source)
	at com.cydeo.step_definitions.FleetGruLogin_StepDefinitions.theUserSeeInvalidUserNameOrPasswordErrorMessage(FleetGruLogin_StepDefinitions.java:97)
	at &#10045;.The user see Invalid user name or password error message(file:///C:/Users/melte/IdeaProjects/cydeo-cucumber-junit/src/test/resources/features/fleetGruLogin.feature:35)
</pre>
      </div>
    </div>
  </div>











      </div>
  </div>
</div>




  <div class="inner-level hooks-element-after">
    <div data-toggle="collapse" class=" collapsable-control" data-target="#after-31">

<div class="brief fa&#305;led">
  <span class="keyword indention">Hooks</span>
  <span class="name"></span>


     <i class="chevron fa fa-fw"></i>
</div>

    </div>

    <div id="after-31" class="inner-level collapse collapsable-details  in ">
        <div class="hook">
          <div class="brief fa&#305;led">
            <span class="keyword indention">After</span>
              <span class="location name">com.cydeo.step_definitions.Hooks.teardownScenario(io.cucumber.java.Scenario)</span>

  <span class="lead-duration duration">0.002</span>

          </div>



  <div class="inner-level">
    <div class="message indention">
      <div data-toggle="collapse" class=" collapsable-control" data-target="#msg-32">
          <a>Error message</a>
      </div>
      <div id="msg-32" class="collapse collapsable-details  in ">
        <pre>org.openqa.selenium.NoSuchWindowException: no such window: target window already closed
from unknown error: web view not found
  (Session info: chrome=111.0.5563.149)
Build info: version: '3.141.59', revision: 'e82be7d358', time: '2018-11-14T08:17:03'
System info: host: 'DESKTOP-2S9OFKM', ip: '192.168.1.107', os.name: 'Windows 10', os.arch: 'amd64', os.version: '10.0', java.version: '18'
Driver info: org.openqa.selenium.chrome.ChromeDriver
Capabilities {acceptInsecureCerts: false, browserName: chrome, browserVersion: 111.0.5563.149, chrome: {chromedriverVersion: 111.0.5563.64 (c710e93d5b63..., userDataDir: C:\Users\melte\AppData\Loca...}, goog:chromeOptions: {debuggerAddress: localhost:63121}, javascriptEnabled: true, networkConnectionEnabled: false, pageLoadStrategy: normal, platform: WINDOWS, platformName: WINDOWS, proxy: Proxy(), setWindowRect: true, strictFileInteractability: false, timeouts: {implicit: 0, pageLoad: 300000, script: 30000}, unhandledPromptBehavior: dismiss and notify, webauthn:extension:credBlob: true, webauthn:extension:largeBlob: true, webauthn:extension:minPinLength: true, webauthn:extension:prf: true, webauthn:virtualAuthenticators: true}
Session ID: 2651be0350489fb04e94c3a9d422803a
	at java.base/jdk.internal.reflect.DirectConstructorHandleAccessor.newInstance(DirectConstructorHandleAccessor.java:67)
	at java.base/java.lang.reflect.Constructor.newInstanceWithCaller(Constructor.java:499)
	at java.base/java.lang.reflect.Constructor.newInstance(Constructor.java:483)
	at org.openqa.selenium.remote.http.W3CHttpResponseCodec.createException(W3CHttpResponseCodec.java:187)
	at org.openqa.selenium.remote.http.W3CHttpResponseCodec.decode(W3CHttpResponseCodec.java:122)
	at org.openqa.selenium.remote.http.W3CHttpResponseCodec.decode(W3CHttpResponseCodec.java:49)
	at org.openqa.selenium.remote.HttpCommandExecutor.execute(HttpCommandExecutor.java:158)
	at org.openqa.selenium.remote.service.DriverCommandExecutor.execute(DriverCommandExecutor.java:83)
	at org.openqa.selenium.remote.RemoteWebDriver.execute(RemoteWebDriver.java:552)
	at org.openqa.selenium.remote.RemoteWebDriver.execute(RemoteWebDriver.java:609)
	at org.openqa.selenium.remote.RemoteWebDriver.getScreenshotAs(RemoteWebDriver.java:295)
	at com.cydeo.step_definitions.Hooks.teardownScenario(Hooks.java:54)
</pre>
      </div>
    </div>
  </div>





        </div>
    </div>
  </div>

  </div>
</div>


<div class="element">


<div class="tags indention">
</div>


  <span class="lead-duration duration">0.000</span>


  <span data-toggle="collapse" class=" collapsable-control" data-target="#element-33">

<div class="brief fa&#305;led">
  <span class="keyword indention">Background</span>
  <span class="name"></span>


     <i class="chevron fa fa-fw"></i>
</div>

  </span>
  <div class="description indention"></div>

  <div id="element-33" class="collapse collapsable-details  in ">





<div class="steps inner-level">
  <div data-toggle="collapse" class=" collapsable-control" data-target="#steps-34">

<div class="brief fa&#305;led">
  <span class="keyword indention">Steps</span>
  <span class="name"></span>


     <i class="chevron fa fa-fw"></i>
</div>

  </div>

  <div id="steps-34" class="inner-level collapse collapsable-details  in ">
      <div class="step">


<div class="brief step-name-Given sk&#305;pped">
  <span class="keyword indention">Given</span>
  <span class="name">User is on the login page</span>

  <span class="lead-duration duration">0.000</span>

</div>
















      </div>
  </div>
</div>





  </div>
</div>


<div class="element">


<div class="tags indention">
    <b>Tags:</b>
       <a href="report-tag_3353682684.html">@FLEET10-1031</a>
       <a href="report-tag_3353682721.html">@FLEET10-1047</a>
</div>


  <span class="lead-duration duration">0.000</span>


  <span data-toggle="collapse" class=" collapsable-control" data-target="#element-35">

<div class="brief fa&#305;led">
  <span class="keyword indention">Scenario</span>
  <span class="name">Login with empty username and random password</span>


     <i class="chevron fa fa-fw"></i>
</div>

  </span>
  <div class="description indention"></div>

  <div id="element-35" class="collapse collapsable-details  in ">


  <div class="inner-level hooks-element-before">
    <div data-toggle="collapse" class=" collapsable-control" data-target="#before-36">

<div class="brief fa&#305;led">
  <span class="keyword indention">Hooks</span>
  <span class="name"></span>


     <i class="chevron fa fa-fw"></i>
</div>

    </div>

    <div id="before-36" class="inner-level collapse collapsable-details  in ">
        <div class="hook">
          <div class="brief fa&#305;led">
            <span class="keyword indention">Before</span>
              <span class="location name">com.cydeo.step_definitions.Hooks.setupScenario()</span>

  <span class="lead-duration duration">0.004</span>

          </div>



  <div class="inner-level">
    <div class="message indention">
      <div data-toggle="collapse" class=" collapsable-control" data-target="#msg-37">
          <a>Error message</a>
      </div>
      <div id="msg-37" class="collapse collapsable-details  in ">
        <pre>org.openqa.selenium.NoSuchWindowException: no such window: target window already closed
from unknown error: web view not found
  (Session info: chrome=111.0.5563.149)
Build info: version: '3.141.59', revision: 'e82be7d358', time: '2018-11-14T08:17:03'
System info: host: 'DESKTOP-2S9OFKM', ip: '192.168.1.107', os.name: 'Windows 10', os.arch: 'amd64', os.version: '10.0', java.version: '18'
Driver info: org.openqa.selenium.chrome.ChromeDriver
Capabilities {acceptInsecureCerts: false, browserName: chrome, browserVersion: 111.0.5563.149, chrome: {chromedriverVersion: 111.0.5563.64 (c710e93d5b63..., userDataDir: C:\Users\melte\AppData\Loca...}, goog:chromeOptions: {debuggerAddress: localhost:63121}, javascriptEnabled: true, networkConnectionEnabled: false, pageLoadStrategy: normal, platform: WINDOWS, platformName: WINDOWS, proxy: Proxy(), setWindowRect: true, strictFileInteractability: false, timeouts: {implicit: 0, pageLoad: 300000, script: 30000}, unhandledPromptBehavior: dismiss and notify, webauthn:extension:credBlob: true, webauthn:extension:largeBlob: true, webauthn:extension:minPinLength: true, webauthn:extension:prf: true, webauthn:virtualAuthenticators: true}
Session ID: 2651be0350489fb04e94c3a9d422803a
	at java.base/jdk.internal.reflect.DirectConstructorHandleAccessor.newInstance(DirectConstructorHandleAccessor.java:67)
	at java.base/java.lang.reflect.Constructor.newInstanceWithCaller(Constructor.java:499)
	at java.base/java.lang.reflect.Constructor.newInstance(Constructor.java:483)
	at org.openqa.selenium.remote.http.W3CHttpResponseCodec.createException(W3CHttpResponseCodec.java:187)
	at org.openqa.selenium.remote.http.W3CHttpResponseCodec.decode(W3CHttpResponseCodec.java:122)
	at org.openqa.selenium.remote.http.W3CHttpResponseCodec.decode(W3CHttpResponseCodec.java:49)
	at org.openqa.selenium.remote.HttpCommandExecutor.execute(HttpCommandExecutor.java:158)
	at org.openqa.selenium.remote.service.DriverCommandExecutor.execute(DriverCommandExecutor.java:83)
	at org.openqa.selenium.remote.RemoteWebDriver.execute(RemoteWebDriver.java:552)
	at org.openqa.selenium.remote.RemoteWebDriver.get(RemoteWebDriver.java:277)
	at com.cydeo.step_definitions.Hooks.setupScenario(Hooks.java:27)
</pre>
      </div>
    </div>
  </div>





        </div>
    </div>
  </div>



<div class="steps inner-level">
  <div data-toggle="collapse" class=" collapsable-control" data-target="#steps-38">

<div class="brief fa&#305;led">
  <span class="keyword indention">Steps</span>
  <span class="name"></span>


     <i class="chevron fa fa-fw"></i>
</div>

  </div>

  <div id="steps-38" class="inner-level collapse collapsable-details  in ">
      <div class="step">


<div class="brief step-name-When sk&#305;pped">
  <span class="keyword indention">When</span>
  <span class="name">The user enter empty username and random password</span>

  <span class="lead-duration duration">0.000</span>

</div>
















      </div>
      <div class="step">


<div class="brief step-name-Then sk&#305;pped">
  <span class="keyword indention">Then</span>
  <span class="name">The user see L&uuml;tfen bu alan&#305; doldurun error message</span>

  <span class="lead-duration duration">0.000</span>

</div>
















      </div>
  </div>
</div>




  <div class="inner-level hooks-element-after">
    <div data-toggle="collapse" class=" collapsable-control" data-target="#after-39">

<div class="brief fa&#305;led">
  <span class="keyword indention">Hooks</span>
  <span class="name"></span>


     <i class="chevron fa fa-fw"></i>
</div>

    </div>

    <div id="after-39" class="inner-level collapse collapsable-details  in ">
        <div class="hook">
          <div class="brief fa&#305;led">
            <span class="keyword indention">After</span>
              <span class="location name">com.cydeo.step_definitions.Hooks.teardownScenario(io.cucumber.java.Scenario)</span>

  <span class="lead-duration duration">0.003</span>

          </div>



  <div class="inner-level">
    <div class="message indention">
      <div data-toggle="collapse" class=" collapsable-control" data-target="#msg-40">
          <a>Error message</a>
      </div>
      <div id="msg-40" class="collapse collapsable-details  in ">
        <pre>org.openqa.selenium.NoSuchWindowException: no such window: target window already closed
from unknown error: web view not found
  (Session info: chrome=111.0.5563.149)
Build info: version: '3.141.59', revision: 'e82be7d358', time: '2018-11-14T08:17:03'
System info: host: 'DESKTOP-2S9OFKM', ip: '192.168.1.107', os.name: 'Windows 10', os.arch: 'amd64', os.version: '10.0', java.version: '18'
Driver info: org.openqa.selenium.chrome.ChromeDriver
Capabilities {acceptInsecureCerts: false, browserName: chrome, browserVersion: 111.0.5563.149, chrome: {chromedriverVersion: 111.0.5563.64 (c710e93d5b63..., userDataDir: C:\Users\melte\AppData\Loca...}, goog:chromeOptions: {debuggerAddress: localhost:63121}, javascriptEnabled: true, networkConnectionEnabled: false, pageLoadStrategy: normal, platform: WINDOWS, platformName: WINDOWS, proxy: Proxy(), setWindowRect: true, strictFileInteractability: false, timeouts: {implicit: 0, pageLoad: 300000, script: 30000}, unhandledPromptBehavior: dismiss and notify, webauthn:extension:credBlob: true, webauthn:extension:largeBlob: true, webauthn:extension:minPinLength: true, webauthn:extension:prf: true, webauthn:virtualAuthenticators: true}
Session ID: 2651be0350489fb04e94c3a9d422803a
	at java.base/jdk.internal.reflect.DirectConstructorHandleAccessor.newInstance(DirectConstructorHandleAccessor.java:67)
	at java.base/java.lang.reflect.Constructor.newInstanceWithCaller(Constructor.java:499)
	at java.base/java.lang.reflect.Constructor.newInstance(Constructor.java:483)
	at org.openqa.selenium.remote.http.W3CHttpResponseCodec.createException(W3CHttpResponseCodec.java:187)
	at org.openqa.selenium.remote.http.W3CHttpResponseCodec.decode(W3CHttpResponseCodec.java:122)
	at org.openqa.selenium.remote.http.W3CHttpResponseCodec.decode(W3CHttpResponseCodec.java:49)
	at org.openqa.selenium.remote.HttpCommandExecutor.execute(HttpCommandExecutor.java:158)
	at org.openqa.selenium.remote.service.DriverCommandExecutor.execute(DriverCommandExecutor.java:83)
	at org.openqa.selenium.remote.RemoteWebDriver.execute(RemoteWebDriver.java:552)
	at org.openqa.selenium.remote.RemoteWebDriver.execute(RemoteWebDriver.java:609)
	at org.openqa.selenium.remote.RemoteWebDriver.getScreenshotAs(RemoteWebDriver.java:295)
	at com.cydeo.step_definitions.Hooks.teardownScenario(Hooks.java:54)
</pre>
      </div>
    </div>
  </div>





        </div>
    </div>
  </div>

  </div>
</div>


<div class="element">


<div class="tags indention">
</div>


  <span class="lead-duration duration">0.000</span>


  <span data-toggle="collapse" class=" collapsable-control" data-target="#element-41">

<div class="brief fa&#305;led">
  <span class="keyword indention">Background</span>
  <span class="name"></span>


     <i class="chevron fa fa-fw"></i>
</div>

  </span>
  <div class="description indention"></div>

  <div id="element-41" class="collapse collapsable-details  in ">





<div class="steps inner-level">
  <div data-toggle="collapse" class=" collapsable-control" data-target="#steps-42">

<div class="brief fa&#305;led">
  <span class="keyword indention">Steps</span>
  <span class="name"></span>


     <i class="chevron fa fa-fw"></i>
</div>

  </div>

  <div id="steps-42" class="inner-level collapse collapsable-details  in ">
      <div class="step">


<div class="brief step-name-Given sk&#305;pped">
  <span class="keyword indention">Given</span>
  <span class="name">User is on the login page</span>

  <span class="lead-duration duration">0.000</span>

</div>
















      </div>
  </div>
</div>





  </div>
</div>


<div class="element">


<div class="tags indention">
    <b>Tags:</b>
       <a href="report-tag_3353682684.html">@FLEET10-1031</a>
       <a href="report-tag_3353682723.html">@FLEET10-1049</a>
</div>


  <span class="lead-duration duration">0.000</span>


  <span data-toggle="collapse" class=" collapsable-control" data-target="#element-43">

<div class="brief fa&#305;led">
  <span class="keyword indention">Scenario</span>
  <span class="name">Login with random username and empty password</span>


     <i class="chevron fa fa-fw"></i>
</div>

  </span>
  <div class="description indention"></div>

  <div id="element-43" class="collapse collapsable-details  in ">


  <div class="inner-level hooks-element-before">
    <div data-toggle="collapse" class=" collapsable-control" data-target="#before-44">

<div class="brief fa&#305;led">
  <span class="keyword indention">Hooks</span>
  <span class="name"></span>


     <i class="chevron fa fa-fw"></i>
</div>

    </div>

    <div id="before-44" class="inner-level collapse collapsable-details  in ">
        <div class="hook">
          <div class="brief fa&#305;led">
            <span class="keyword indention">Before</span>
              <span class="location name">com.cydeo.step_definitions.Hooks.setupScenario()</span>

  <span class="lead-duration duration">0.003</span>

          </div>



  <div class="inner-level">
    <div class="message indention">
      <div data-toggle="collapse" class=" collapsable-control" data-target="#msg-45">
          <a>Error message</a>
      </div>
      <div id="msg-45" class="collapse collapsable-details  in ">
        <pre>org.openqa.selenium.NoSuchWindowException: no such window: target window already closed
from unknown error: web view not found
  (Session info: chrome=111.0.5563.149)
Build info: version: '3.141.59', revision: 'e82be7d358', time: '2018-11-14T08:17:03'
System info: host: 'DESKTOP-2S9OFKM', ip: '192.168.1.107', os.name: 'Windows 10', os.arch: 'amd64', os.version: '10.0', java.version: '18'
Driver info: org.openqa.selenium.chrome.ChromeDriver
Capabilities {acceptInsecureCerts: false, browserName: chrome, browserVersion: 111.0.5563.149, chrome: {chromedriverVersion: 111.0.5563.64 (c710e93d5b63..., userDataDir: C:\Users\melte\AppData\Loca...}, goog:chromeOptions: {debuggerAddress: localhost:63121}, javascriptEnabled: true, networkConnectionEnabled: false, pageLoadStrategy: normal, platform: WINDOWS, platformName: WINDOWS, proxy: Proxy(), setWindowRect: true, strictFileInteractability: false, timeouts: {implicit: 0, pageLoad: 300000, script: 30000}, unhandledPromptBehavior: dismiss and notify, webauthn:extension:credBlob: true, webauthn:extension:largeBlob: true, webauthn:extension:minPinLength: true, webauthn:extension:prf: true, webauthn:virtualAuthenticators: true}
Session ID: 2651be0350489fb04e94c3a9d422803a
	at java.base/jdk.internal.reflect.DirectConstructorHandleAccessor.newInstance(DirectConstructorHandleAccessor.java:67)
	at java.base/java.lang.reflect.Constructor.newInstanceWithCaller(Constructor.java:499)
	at java.base/java.lang.reflect.Constructor.newInstance(Constructor.java:483)
	at org.openqa.selenium.remote.http.W3CHttpResponseCodec.createException(W3CHttpResponseCodec.java:187)
	at org.openqa.selenium.remote.http.W3CHttpResponseCodec.decode(W3CHttpResponseCodec.java:122)
	at org.openqa.selenium.remote.http.W3CHttpResponseCodec.decode(W3CHttpResponseCodec.java:49)
	at org.openqa.selenium.remote.HttpCommandExecutor.execute(HttpCommandExecutor.java:158)
	at org.openqa.selenium.remote.service.DriverCommandExecutor.execute(DriverCommandExecutor.java:83)
	at org.openqa.selenium.remote.RemoteWebDriver.execute(RemoteWebDriver.java:552)
	at org.openqa.selenium.remote.RemoteWebDriver.get(RemoteWebDriver.java:277)
	at com.cydeo.step_definitions.Hooks.setupScenario(Hooks.java:27)
</pre>
      </div>
    </div>
  </div>





        </div>
    </div>
  </div>



<div class="steps inner-level">
  <div data-toggle="collapse" class=" collapsable-control" data-target="#steps-46">

<div class="brief fa&#305;led">
  <span class="keyword indention">Steps</span>
  <span class="name"></span>


     <i class="chevron fa fa-fw"></i>
</div>

  </div>

  <div id="steps-46" class="inner-level collapse collapsable-details  in ">
      <div class="step">


<div class="brief step-name-When sk&#305;pped">
  <span class="keyword indention">When</span>
  <span class="name">The user enter random username and empty password</span>

  <span class="lead-duration duration">0.000</span>

</div>
















      </div>
      <div class="step">


<div class="brief step-name-Then sk&#305;pped">
  <span class="keyword indention">Then</span>
  <span class="name">The user see L&uuml;tfen bu alan&#305; doldurun error message</span>

  <span class="lead-duration duration">0.000</span>

</div>
















      </div>
  </div>
</div>




  <div class="inner-level hooks-element-after">
    <div data-toggle="collapse" class=" collapsable-control" data-target="#after-47">

<div class="brief fa&#305;led">
  <span class="keyword indention">Hooks</span>
  <span class="name"></span>


     <i class="chevron fa fa-fw"></i>
</div>

    </div>

    <div id="after-47" class="inner-level collapse collapsable-details  in ">
        <div class="hook">
          <div class="brief fa&#305;led">
            <span class="keyword indention">After</span>
              <span class="location name">com.cydeo.step_definitions.Hooks.teardownScenario(io.cucumber.java.Scenario)</span>

  <span class="lead-duration duration">0.007</span>

          </div>



  <div class="inner-level">
    <div class="message indention">
      <div data-toggle="collapse" class=" collapsable-control" data-target="#msg-48">
          <a>Error message</a>
      </div>
      <div id="msg-48" class="collapse collapsable-details  in ">
        <pre>org.openqa.selenium.NoSuchWindowException: no such window: target window already closed
from unknown error: web view not found
  (Session info: chrome=111.0.5563.149)
Build info: version: '3.141.59', revision: 'e82be7d358', time: '2018-11-14T08:17:03'
System info: host: 'DESKTOP-2S9OFKM', ip: '192.168.1.107', os.name: 'Windows 10', os.arch: 'amd64', os.version: '10.0', java.version: '18'
Driver info: org.openqa.selenium.chrome.ChromeDriver
Capabilities {acceptInsecureCerts: false, browserName: chrome, browserVersion: 111.0.5563.149, chrome: {chromedriverVersion: 111.0.5563.64 (c710e93d5b63..., userDataDir: C:\Users\melte\AppData\Loca...}, goog:chromeOptions: {debuggerAddress: localhost:63121}, javascriptEnabled: true, networkConnectionEnabled: false, pageLoadStrategy: normal, platform: WINDOWS, platformName: WINDOWS, proxy: Proxy(), setWindowRect: true, strictFileInteractability: false, timeouts: {implicit: 0, pageLoad: 300000, script: 30000}, unhandledPromptBehavior: dismiss and notify, webauthn:extension:credBlob: true, webauthn:extension:largeBlob: true, webauthn:extension:minPinLength: true, webauthn:extension:prf: true, webauthn:virtualAuthenticators: true}
Session ID: 2651be0350489fb04e94c3a9d422803a
	at java.base/jdk.internal.reflect.DirectConstructorHandleAccessor.newInstance(DirectConstructorHandleAccessor.java:67)
	at java.base/java.lang.reflect.Constructor.newInstanceWithCaller(Constructor.java:499)
	at java.base/java.lang.reflect.Constructor.newInstance(Constructor.java:483)
	at org.openqa.selenium.remote.http.W3CHttpResponseCodec.createException(W3CHttpResponseCodec.java:187)
	at org.openqa.selenium.remote.http.W3CHttpResponseCodec.decode(W3CHttpResponseCodec.java:122)
	at org.openqa.selenium.remote.http.W3CHttpResponseCodec.decode(W3CHttpResponseCodec.java:49)
	at org.openqa.selenium.remote.HttpCommandExecutor.execute(HttpCommandExecutor.java:158)
	at org.openqa.selenium.remote.service.DriverCommandExecutor.execute(DriverCommandExecutor.java:83)
	at org.openqa.selenium.remote.RemoteWebDriver.execute(RemoteWebDriver.java:552)
	at org.openqa.selenium.remote.RemoteWebDriver.execute(RemoteWebDriver.java:609)
	at org.openqa.selenium.remote.RemoteWebDriver.getScreenshotAs(RemoteWebDriver.java:295)
	at com.cydeo.step_definitions.Hooks.teardownScenario(Hooks.java:54)
</pre>
      </div>
    </div>
  </div>





        </div>
    </div>
  </div>

  </div>
</div>


<div class="element">


<div class="tags indention">
</div>


  <span class="lead-duration duration">0.000</span>


  <span data-toggle="collapse" class=" collapsable-control" data-target="#element-49">

<div class="brief fa&#305;led">
  <span class="keyword indention">Background</span>
  <span class="name"></span>


     <i class="chevron fa fa-fw"></i>
</div>

  </span>
  <div class="description indention"></div>

  <div id="element-49" class="collapse collapsable-details  in ">





<div class="steps inner-level">
  <div data-toggle="collapse" class=" collapsable-control" data-target="#steps-50">

<div class="brief fa&#305;led">
  <span class="keyword indention">Steps</span>
  <span class="name"></span>


     <i class="chevron fa fa-fw"></i>
</div>

  </div>

  <div id="steps-50" class="inner-level collapse collapsable-details  in ">
      <div class="step">


<div class="brief step-name-Given sk&#305;pped">
  <span class="keyword indention">Given</span>
  <span class="name">User is on the login page</span>

  <span class="lead-duration duration">0.000</span>

</div>
















      </div>
  </div>
</div>





  </div>
</div>


<div class="element">


<div class="tags indention">
    <b>Tags:</b>
       <a href="report-tag_3353682684.html">@FLEET10-1031</a>
       <a href="report-tag_3353682746.html">@FLEET10-1051</a>
</div>


  <span class="lead-duration duration">0.000</span>


  <span data-toggle="collapse" class=" collapsable-control" data-target="#element-51">

<div class="brief fa&#305;led">
  <span class="keyword indention">Scenario</span>
  <span class="name">Login with empty username and empty password</span>


     <i class="chevron fa fa-fw"></i>
</div>

  </span>
  <div class="description indention"></div>

  <div id="element-51" class="collapse collapsable-details  in ">


  <div class="inner-level hooks-element-before">
    <div data-toggle="collapse" class=" collapsable-control" data-target="#before-52">

<div class="brief fa&#305;led">
  <span class="keyword indention">Hooks</span>
  <span class="name"></span>


     <i class="chevron fa fa-fw"></i>
</div>

    </div>

    <div id="before-52" class="inner-level collapse collapsable-details  in ">
        <div class="hook">
          <div class="brief fa&#305;led">
            <span class="keyword indention">Before</span>
              <span class="location name">com.cydeo.step_definitions.Hooks.setupScenario()</span>

  <span class="lead-duration duration">0.008</span>

          </div>



  <div class="inner-level">
    <div class="message indention">
      <div data-toggle="collapse" class=" collapsable-control" data-target="#msg-53">
          <a>Error message</a>
      </div>
      <div id="msg-53" class="collapse collapsable-details  in ">
        <pre>org.openqa.selenium.NoSuchWindowException: no such window: target window already closed
from unknown error: web view not found
  (Session info: chrome=111.0.5563.149)
Build info: version: '3.141.59', revision: 'e82be7d358', time: '2018-11-14T08:17:03'
System info: host: 'DESKTOP-2S9OFKM', ip: '192.168.1.107', os.name: 'Windows 10', os.arch: 'amd64', os.version: '10.0', java.version: '18'
Driver info: org.openqa.selenium.chrome.ChromeDriver
Capabilities {acceptInsecureCerts: false, browserName: chrome, browserVersion: 111.0.5563.149, chrome: {chromedriverVersion: 111.0.5563.64 (c710e93d5b63..., userDataDir: C:\Users\melte\AppData\Loca...}, goog:chromeOptions: {debuggerAddress: localhost:63121}, javascriptEnabled: true, networkConnectionEnabled: false, pageLoadStrategy: normal, platform: WINDOWS, platformName: WINDOWS, proxy: Proxy(), setWindowRect: true, strictFileInteractability: false, timeouts: {implicit: 0, pageLoad: 300000, script: 30000}, unhandledPromptBehavior: dismiss and notify, webauthn:extension:credBlob: true, webauthn:extension:largeBlob: true, webauthn:extension:minPinLength: true, webauthn:extension:prf: true, webauthn:virtualAuthenticators: true}
Session ID: 2651be0350489fb04e94c3a9d422803a
	at java.base/jdk.internal.reflect.DirectConstructorHandleAccessor.newInstance(DirectConstructorHandleAccessor.java:67)
	at java.base/java.lang.reflect.Constructor.newInstanceWithCaller(Constructor.java:499)
	at java.base/java.lang.reflect.Constructor.newInstance(Constructor.java:483)
	at org.openqa.selenium.remote.http.W3CHttpResponseCodec.createException(W3CHttpResponseCodec.java:187)
	at org.openqa.selenium.remote.http.W3CHttpResponseCodec.decode(W3CHttpResponseCodec.java:122)
	at org.openqa.selenium.remote.http.W3CHttpResponseCodec.decode(W3CHttpResponseCodec.java:49)
	at org.openqa.selenium.remote.HttpCommandExecutor.execute(HttpCommandExecutor.java:158)
	at org.openqa.selenium.remote.service.DriverCommandExecutor.execute(DriverCommandExecutor.java:83)
	at org.openqa.selenium.remote.RemoteWebDriver.execute(RemoteWebDriver.java:552)
	at org.openqa.selenium.remote.RemoteWebDriver.get(RemoteWebDriver.java:277)
	at com.cydeo.step_definitions.Hooks.setupScenario(Hooks.java:27)
</pre>
      </div>
    </div>
  </div>





        </div>
    </div>
  </div>



<div class="steps inner-level">
  <div data-toggle="collapse" class=" collapsable-control" data-target="#steps-54">

<div class="brief fa&#305;led">
  <span class="keyword indention">Steps</span>
  <span class="name"></span>


     <i class="chevron fa fa-fw"></i>
</div>

  </div>

  <div id="steps-54" class="inner-level collapse collapsable-details  in ">
      <div class="step">


<div class="brief step-name-When sk&#305;pped">
  <span class="keyword indention">When</span>
  <span class="name">The user enter empty username and empty password</span>

  <span class="lead-duration duration">0.000</span>

</div>
















      </div>
      <div class="step">


<div class="brief step-name-Then sk&#305;pped">
  <span class="keyword indention">Then</span>
  <span class="name">The user see L&uuml;tfen bu alan&#305; doldurun error message</span>

  <span class="lead-duration duration">0.000</span>

</div>
















      </div>
  </div>
</div>




  <div class="inner-level hooks-element-after">
    <div data-toggle="collapse" class=" collapsable-control" data-target="#after-55">

<div class="brief fa&#305;led">
  <span class="keyword indention">Hooks</span>
  <span class="name"></span>


     <i class="chevron fa fa-fw"></i>
</div>

    </div>

    <div id="after-55" class="inner-level collapse collapsable-details  in ">
        <div class="hook">
          <div class="brief fa&#305;led">
            <span class="keyword indention">After</span>
              <span class="location name">com.cydeo.step_definitions.Hooks.teardownScenario(io.cucumber.java.Scenario)</span>

  <span class="lead-duration duration">0.001</span>

          </div>



  <div class="inner-level">
    <div class="message indention">
      <div data-toggle="collapse" class=" collapsable-control" data-target="#msg-56">
          <a>Error message</a>
      </div>
      <div id="msg-56" class="collapse collapsable-details  in ">
        <pre>org.openqa.selenium.NoSuchWindowException: no such window: target window already closed
from unknown error: web view not found
  (Session info: chrome=111.0.5563.149)
Build info: version: '3.141.59', revision: 'e82be7d358', time: '2018-11-14T08:17:03'
System info: host: 'DESKTOP-2S9OFKM', ip: '192.168.1.107', os.name: 'Windows 10', os.arch: 'amd64', os.version: '10.0', java.version: '18'
Driver info: org.openqa.selenium.chrome.ChromeDriver
Capabilities {acceptInsecureCerts: false, browserName: chrome, browserVersion: 111.0.5563.149, chrome: {chromedriverVersion: 111.0.5563.64 (c710e93d5b63..., userDataDir: C:\Users\melte\AppData\Loca...}, goog:chromeOptions: {debuggerAddress: localhost:63121}, javascriptEnabled: true, networkConnectionEnabled: false, pageLoadStrategy: normal, platform: WINDOWS, platformName: WINDOWS, proxy: Proxy(), setWindowRect: true, strictFileInteractability: false, timeouts: {implicit: 0, pageLoad: 300000, script: 30000}, unhandledPromptBehavior: dismiss and notify, webauthn:extension:credBlob: true, webauthn:extension:largeBlob: true, webauthn:extension:minPinLength: true, webauthn:extension:prf: true, webauthn:virtualAuthenticators: true}
Session ID: 2651be0350489fb04e94c3a9d422803a
	at java.base/jdk.internal.reflect.DirectConstructorHandleAccessor.newInstance(DirectConstructorHandleAccessor.java:67)
	at java.base/java.lang.reflect.Constructor.newInstanceWithCaller(Constructor.java:499)
	at java.base/java.lang.reflect.Constructor.newInstance(Constructor.java:483)
	at org.openqa.selenium.remote.http.W3CHttpResponseCodec.createException(W3CHttpResponseCodec.java:187)
	at org.openqa.selenium.remote.http.W3CHttpResponseCodec.decode(W3CHttpResponseCodec.java:122)
	at org.openqa.selenium.remote.http.W3CHttpResponseCodec.decode(W3CHttpResponseCodec.java:49)
	at org.openqa.selenium.remote.HttpCommandExecutor.execute(HttpCommandExecutor.java:158)
	at org.openqa.selenium.remote.service.DriverCommandExecutor.execute(DriverCommandExecutor.java:83)
	at org.openqa.selenium.remote.RemoteWebDriver.execute(RemoteWebDriver.java:552)
	at org.openqa.selenium.remote.RemoteWebDriver.execute(RemoteWebDriver.java:609)
	at org.openqa.selenium.remote.RemoteWebDriver.getScreenshotAs(RemoteWebDriver.java:295)
	at com.cydeo.step_definitions.Hooks.teardownScenario(Hooks.java:54)
</pre>
      </div>
    </div>
  </div>





        </div>
    </div>
  </div>

  </div>
</div>


<div class="element">


<div class="tags indention">
</div>


  <span class="lead-duration duration">0.000</span>


  <span data-toggle="collapse" class=" collapsable-control" data-target="#element-57">

<div class="brief fa&#305;led">
  <span class="keyword indention">Background</span>
  <span class="name"></span>


     <i class="chevron fa fa-fw"></i>
</div>

  </span>
  <div class="description indention"></div>

  <div id="element-57" class="collapse collapsable-details  in ">





<div class="steps inner-level">
  <div data-toggle="collapse" class=" collapsable-control" data-target="#steps-58">

<div class="brief fa&#305;led">
  <span class="keyword indention">Steps</span>
  <span class="name"></span>


     <i class="chevron fa fa-fw"></i>
</div>

  </div>

  <div id="steps-58" class="inner-level collapse collapsable-details  in ">
      <div class="step">


<div class="brief step-name-Given sk&#305;pped">
  <span class="keyword indention">Given</span>
  <span class="name">User is on the login page</span>

  <span class="lead-duration duration">0.000</span>

</div>
















      </div>
  </div>
</div>





  </div>
</div>


<div class="element">


<div class="tags indention">
    <b>Tags:</b>
       <a href="report-tag_3353682684.html">@FLEET10-1031</a>
       <a href="report-tag_3353682748.html">@FLEET10-1053</a>
</div>


  <span class="lead-duration duration">0.000</span>


  <span data-toggle="collapse" class=" collapsable-control" data-target="#element-59">

<div class="brief fa&#305;led">
  <span class="keyword indention">Scenario</span>
  <span class="name">Click Forgot your password? link</span>


     <i class="chevron fa fa-fw"></i>
</div>

  </span>
  <div class="description indention"></div>

  <div id="element-59" class="collapse collapsable-details  in ">


  <div class="inner-level hooks-element-before">
    <div data-toggle="collapse" class=" collapsable-control" data-target="#before-60">

<div class="brief fa&#305;led">
  <span class="keyword indention">Hooks</span>
  <span class="name"></span>


     <i class="chevron fa fa-fw"></i>
</div>

    </div>

    <div id="before-60" class="inner-level collapse collapsable-details  in ">
        <div class="hook">
          <div class="brief fa&#305;led">
            <span class="keyword indention">Before</span>
              <span class="location name">com.cydeo.step_definitions.Hooks.setupScenario()</span>

  <span class="lead-duration duration">0.002</span>

          </div>



  <div class="inner-level">
    <div class="message indention">
      <div data-toggle="collapse" class=" collapsable-control" data-target="#msg-61">
          <a>Error message</a>
      </div>
      <div id="msg-61" class="collapse collapsable-details  in ">
        <pre>org.openqa.selenium.NoSuchWindowException: no such window: target window already closed
from unknown error: web view not found
  (Session info: chrome=111.0.5563.149)
Build info: version: '3.141.59', revision: 'e82be7d358', time: '2018-11-14T08:17:03'
System info: host: 'DESKTOP-2S9OFKM', ip: '192.168.1.107', os.name: 'Windows 10', os.arch: 'amd64', os.version: '10.0', java.version: '18'
Driver info: org.openqa.selenium.chrome.ChromeDriver
Capabilities {acceptInsecureCerts: false, browserName: chrome, browserVersion: 111.0.5563.149, chrome: {chromedriverVersion: 111.0.5563.64 (c710e93d5b63..., userDataDir: C:\Users\melte\AppData\Loca...}, goog:chromeOptions: {debuggerAddress: localhost:63121}, javascriptEnabled: true, networkConnectionEnabled: false, pageLoadStrategy: normal, platform: WINDOWS, platformName: WINDOWS, proxy: Proxy(), setWindowRect: true, strictFileInteractability: false, timeouts: {implicit: 0, pageLoad: 300000, script: 30000}, unhandledPromptBehavior: dismiss and notify, webauthn:extension:credBlob: true, webauthn:extension:largeBlob: true, webauthn:extension:minPinLength: true, webauthn:extension:prf: true, webauthn:virtualAuthenticators: true}
Session ID: 2651be0350489fb04e94c3a9d422803a
	at java.base/jdk.internal.reflect.DirectConstructorHandleAccessor.newInstance(DirectConstructorHandleAccessor.java:67)
	at java.base/java.lang.reflect.Constructor.newInstanceWithCaller(Constructor.java:499)
	at java.base/java.lang.reflect.Constructor.newInstance(Constructor.java:483)
	at org.openqa.selenium.remote.http.W3CHttpResponseCodec.createException(W3CHttpResponseCodec.java:187)
	at org.openqa.selenium.remote.http.W3CHttpResponseCodec.decode(W3CHttpResponseCodec.java:122)
	at org.openqa.selenium.remote.http.W3CHttpResponseCodec.decode(W3CHttpResponseCodec.java:49)
	at org.openqa.selenium.remote.HttpCommandExecutor.execute(HttpCommandExecutor.java:158)
	at org.openqa.selenium.remote.service.DriverCommandExecutor.execute(DriverCommandExecutor.java:83)
	at org.openqa.selenium.remote.RemoteWebDriver.execute(RemoteWebDriver.java:552)
	at org.openqa.selenium.remote.RemoteWebDriver.get(RemoteWebDriver.java:277)
	at com.cydeo.step_definitions.Hooks.setupScenario(Hooks.java:27)
</pre>
      </div>
    </div>
  </div>





        </div>
    </div>
  </div>



<div class="steps inner-level">
  <div data-toggle="collapse" class=" collapsable-control" data-target="#steps-62">

<div class="brief fa&#305;led">
  <span class="keyword indention">Steps</span>
  <span class="name"></span>


     <i class="chevron fa fa-fw"></i>
</div>

  </div>

  <div id="steps-62" class="inner-level collapse collapsable-details  in ">
      <div class="step">


<div class="brief step-name-When sk&#305;pped">
  <span class="keyword indention">When</span>
  <span class="name">The user click Forgot your password? link</span>

  <span class="lead-duration duration">0.000</span>

</div>
















      </div>
      <div class="step">


<div class="brief step-name-Then sk&#305;pped">
  <span class="keyword indention">Then</span>
  <span class="name">The user see Forgot Password page</span>

  <span class="lead-duration duration">0.000</span>

</div>
















      </div>
  </div>
</div>




  <div class="inner-level hooks-element-after">
    <div data-toggle="collapse" class=" collapsable-control" data-target="#after-63">

<div class="brief fa&#305;led">
  <span class="keyword indention">Hooks</span>
  <span class="name"></span>


     <i class="chevron fa fa-fw"></i>
</div>

    </div>

    <div id="after-63" class="inner-level collapse collapsable-details  in ">
        <div class="hook">
          <div class="brief fa&#305;led">
            <span class="keyword indention">After</span>
              <span class="location name">com.cydeo.step_definitions.Hooks.teardownScenario(io.cucumber.java.Scenario)</span>

  <span class="lead-duration duration">0.001</span>

          </div>



  <div class="inner-level">
    <div class="message indention">
      <div data-toggle="collapse" class=" collapsable-control" data-target="#msg-64">
          <a>Error message</a>
      </div>
      <div id="msg-64" class="collapse collapsable-details  in ">
        <pre>org.openqa.selenium.NoSuchWindowException: no such window: target window already closed
from unknown error: web view not found
  (Session info: chrome=111.0.5563.149)
Build info: version: '3.141.59', revision: 'e82be7d358', time: '2018-11-14T08:17:03'
System info: host: 'DESKTOP-2S9OFKM', ip: '192.168.1.107', os.name: 'Windows 10', os.arch: 'amd64', os.version: '10.0', java.version: '18'
Driver info: org.openqa.selenium.chrome.ChromeDriver
Capabilities {acceptInsecureCerts: false, browserName: chrome, browserVersion: 111.0.5563.149, chrome: {chromedriverVersion: 111.0.5563.64 (c710e93d5b63..., userDataDir: C:\Users\melte\AppData\Loca...}, goog:chromeOptions: {debuggerAddress: localhost:63121}, javascriptEnabled: true, networkConnectionEnabled: false, pageLoadStrategy: normal, platform: WINDOWS, platformName: WINDOWS, proxy: Proxy(), setWindowRect: true, strictFileInteractability: false, timeouts: {implicit: 0, pageLoad: 300000, script: 30000}, unhandledPromptBehavior: dismiss and notify, webauthn:extension:credBlob: true, webauthn:extension:largeBlob: true, webauthn:extension:minPinLength: true, webauthn:extension:prf: true, webauthn:virtualAuthenticators: true}
Session ID: 2651be0350489fb04e94c3a9d422803a
	at java.base/jdk.internal.reflect.DirectConstructorHandleAccessor.newInstance(DirectConstructorHandleAccessor.java:67)
	at java.base/java.lang.reflect.Constructor.newInstanceWithCaller(Constructor.java:499)
	at java.base/java.lang.reflect.Constructor.newInstance(Constructor.java:483)
	at org.openqa.selenium.remote.http.W3CHttpResponseCodec.createException(W3CHttpResponseCodec.java:187)
	at org.openqa.selenium.remote.http.W3CHttpResponseCodec.decode(W3CHttpResponseCodec.java:122)
	at org.openqa.selenium.remote.http.W3CHttpResponseCodec.decode(W3CHttpResponseCodec.java:49)
	at org.openqa.selenium.remote.HttpCommandExecutor.execute(HttpCommandExecutor.java:158)
	at org.openqa.selenium.remote.service.DriverCommandExecutor.execute(DriverCommandExecutor.java:83)
	at org.openqa.selenium.remote.RemoteWebDriver.execute(RemoteWebDriver.java:552)
	at org.openqa.selenium.remote.RemoteWebDriver.execute(RemoteWebDriver.java:609)
	at org.openqa.selenium.remote.RemoteWebDriver.getScreenshotAs(RemoteWebDriver.java:295)
	at com.cydeo.step_definitions.Hooks.teardownScenario(Hooks.java:54)
</pre>
      </div>
    </div>
  </div>





        </div>
    </div>
  </div>

  </div>
</div>


<div class="element">


<div class="tags indention">
</div>


  <span class="lead-duration duration">0.000</span>


  <span data-toggle="collapse" class=" collapsable-control" data-target="#element-65">

<div class="brief fa&#305;led">
  <span class="keyword indention">Background</span>
  <span class="name"></span>


     <i class="chevron fa fa-fw"></i>
</div>

  </span>
  <div class="description indention"></div>

  <div id="element-65" class="collapse collapsable-details  in ">





<div class="steps inner-level">
  <div data-toggle="collapse" class=" collapsable-control" data-target="#steps-66">

<div class="brief fa&#305;led">
  <span class="keyword indention">Steps</span>
  <span class="name"></span>


     <i class="chevron fa fa-fw"></i>
</div>

  </div>

  <div id="steps-66" class="inner-level collapse collapsable-details  in ">
      <div class="step">


<div class="brief step-name-Given sk&#305;pped">
  <span class="keyword indention">Given</span>
  <span class="name">User is on the login page</span>

  <span class="lead-duration duration">0.000</span>

</div>
















      </div>
  </div>
</div>





  </div>
</div>


<div class="element">


<div class="tags indention">
    <b>Tags:</b>
       <a href="report-tag_3353682684.html">@FLEET10-1031</a>
       <a href="report-tag_3353682750.html">@FLEET10-1055</a>
</div>


  <span class="lead-duration duration">0.000</span>


  <span data-toggle="collapse" class=" collapsable-control" data-target="#element-67">

<div class="brief fa&#305;led">
  <span class="keyword indention">Scenario</span>
  <span class="name">&quot;Remember me on this computer&quot; link exists</span>


     <i class="chevron fa fa-fw"></i>
</div>

  </span>
  <div class="description indention"></div>

  <div id="element-67" class="collapse collapsable-details  in ">


  <div class="inner-level hooks-element-before">
    <div data-toggle="collapse" class=" collapsable-control" data-target="#before-68">

<div class="brief fa&#305;led">
  <span class="keyword indention">Hooks</span>
  <span class="name"></span>


     <i class="chevron fa fa-fw"></i>
</div>

    </div>

    <div id="before-68" class="inner-level collapse collapsable-details  in ">
        <div class="hook">
          <div class="brief fa&#305;led">
            <span class="keyword indention">Before</span>
              <span class="location name">com.cydeo.step_definitions.Hooks.setupScenario()</span>

  <span class="lead-duration duration">0.002</span>

          </div>



  <div class="inner-level">
    <div class="message indention">
      <div data-toggle="collapse" class=" collapsable-control" data-target="#msg-69">
          <a>Error message</a>
      </div>
      <div id="msg-69" class="collapse collapsable-details  in ">
        <pre>org.openqa.selenium.NoSuchWindowException: no such window: target window already closed
from unknown error: web view not found
  (Session info: chrome=111.0.5563.149)
Build info: version: '3.141.59', revision: 'e82be7d358', time: '2018-11-14T08:17:03'
System info: host: 'DESKTOP-2S9OFKM', ip: '192.168.1.107', os.name: 'Windows 10', os.arch: 'amd64', os.version: '10.0', java.version: '18'
Driver info: org.openqa.selenium.chrome.ChromeDriver
Capabilities {acceptInsecureCerts: false, browserName: chrome, browserVersion: 111.0.5563.149, chrome: {chromedriverVersion: 111.0.5563.64 (c710e93d5b63..., userDataDir: C:\Users\melte\AppData\Loca...}, goog:chromeOptions: {debuggerAddress: localhost:63121}, javascriptEnabled: true, networkConnectionEnabled: false, pageLoadStrategy: normal, platform: WINDOWS, platformName: WINDOWS, proxy: Proxy(), setWindowRect: true, strictFileInteractability: false, timeouts: {implicit: 0, pageLoad: 300000, script: 30000}, unhandledPromptBehavior: dismiss and notify, webauthn:extension:credBlob: true, webauthn:extension:largeBlob: true, webauthn:extension:minPinLength: true, webauthn:extension:prf: true, webauthn:virtualAuthenticators: true}
Session ID: 2651be0350489fb04e94c3a9d422803a
	at java.base/jdk.internal.reflect.DirectConstructorHandleAccessor.newInstance(DirectConstructorHandleAccessor.java:67)
	at java.base/java.lang.reflect.Constructor.newInstanceWithCaller(Constructor.java:499)
	at java.base/java.lang.reflect.Constructor.newInstance(Constructor.java:483)
	at org.openqa.selenium.remote.http.W3CHttpResponseCodec.createException(W3CHttpResponseCodec.java:187)
	at org.openqa.selenium.remote.http.W3CHttpResponseCodec.decode(W3CHttpResponseCodec.java:122)
	at org.openqa.selenium.remote.http.W3CHttpResponseCodec.decode(W3CHttpResponseCodec.java:49)
	at org.openqa.selenium.remote.HttpCommandExecutor.execute(HttpCommandExecutor.java:158)
	at org.openqa.selenium.remote.service.DriverCommandExecutor.execute(DriverCommandExecutor.java:83)
	at org.openqa.selenium.remote.RemoteWebDriver.execute(RemoteWebDriver.java:552)
	at org.openqa.selenium.remote.RemoteWebDriver.get(RemoteWebDriver.java:277)
	at com.cydeo.step_definitions.Hooks.setupScenario(Hooks.java:27)
</pre>
      </div>
    </div>
  </div>





        </div>
    </div>
  </div>



<div class="steps inner-level">
  <div data-toggle="collapse" class=" collapsable-control" data-target="#steps-70">

<div class="brief fa&#305;led">
  <span class="keyword indention">Steps</span>
  <span class="name"></span>


     <i class="chevron fa fa-fw"></i>
</div>

  </div>

  <div id="steps-70" class="inner-level collapse collapsable-details  in ">
      <div class="step">


<div class="brief step-name-Then sk&#305;pped">
  <span class="keyword indention">Then</span>
  <span class="name">The user see Forgot Remember me on this computer link</span>

  <span class="lead-duration duration">0.000</span>

</div>
















      </div>
  </div>
</div>




  <div class="inner-level hooks-element-after">
    <div data-toggle="collapse" class=" collapsable-control" data-target="#after-71">

<div class="brief fa&#305;led">
  <span class="keyword indention">Hooks</span>
  <span class="name"></span>


     <i class="chevron fa fa-fw"></i>
</div>

    </div>

    <div id="after-71" class="inner-level collapse collapsable-details  in ">
        <div class="hook">
          <div class="brief fa&#305;led">
            <span class="keyword indention">After</span>
              <span class="location name">com.cydeo.step_definitions.Hooks.teardownScenario(io.cucumber.java.Scenario)</span>

  <span class="lead-duration duration">0.002</span>

          </div>



  <div class="inner-level">
    <div class="message indention">
      <div data-toggle="collapse" class=" collapsable-control" data-target="#msg-72">
          <a>Error message</a>
      </div>
      <div id="msg-72" class="collapse collapsable-details  in ">
        <pre>org.openqa.selenium.NoSuchWindowException: no such window: target window already closed
from unknown error: web view not found
  (Session info: chrome=111.0.5563.149)
Build info: version: '3.141.59', revision: 'e82be7d358', time: '2018-11-14T08:17:03'
System info: host: 'DESKTOP-2S9OFKM', ip: '192.168.1.107', os.name: 'Windows 10', os.arch: 'amd64', os.version: '10.0', java.version: '18'
Driver info: org.openqa.selenium.chrome.ChromeDriver
Capabilities {acceptInsecureCerts: false, browserName: chrome, browserVersion: 111.0.5563.149, chrome: {chromedriverVersion: 111.0.5563.64 (c710e93d5b63..., userDataDir: C:\Users\melte\AppData\Loca...}, goog:chromeOptions: {debuggerAddress: localhost:63121}, javascriptEnabled: true, networkConnectionEnabled: false, pageLoadStrategy: normal, platform: WINDOWS, platformName: WINDOWS, proxy: Proxy(), setWindowRect: true, strictFileInteractability: false, timeouts: {implicit: 0, pageLoad: 300000, script: 30000}, unhandledPromptBehavior: dismiss and notify, webauthn:extension:credBlob: true, webauthn:extension:largeBlob: true, webauthn:extension:minPinLength: true, webauthn:extension:prf: true, webauthn:virtualAuthenticators: true}
Session ID: 2651be0350489fb04e94c3a9d422803a
	at java.base/jdk.internal.reflect.DirectConstructorHandleAccessor.newInstance(DirectConstructorHandleAccessor.java:67)
	at java.base/java.lang.reflect.Constructor.newInstanceWithCaller(Constructor.java:499)
	at java.base/java.lang.reflect.Constructor.newInstance(Constructor.java:483)
	at org.openqa.selenium.remote.http.W3CHttpResponseCodec.createException(W3CHttpResponseCodec.java:187)
	at org.openqa.selenium.remote.http.W3CHttpResponseCodec.decode(W3CHttpResponseCodec.java:122)
	at org.openqa.selenium.remote.http.W3CHttpResponseCodec.decode(W3CHttpResponseCodec.java:49)
	at org.openqa.selenium.remote.HttpCommandExecutor.execute(HttpCommandExecutor.java:158)
	at org.openqa.selenium.remote.service.DriverCommandExecutor.execute(DriverCommandExecutor.java:83)
	at org.openqa.selenium.remote.RemoteWebDriver.execute(RemoteWebDriver.java:552)
	at org.openqa.selenium.remote.RemoteWebDriver.execute(RemoteWebDriver.java:609)
	at org.openqa.selenium.remote.RemoteWebDriver.getScreenshotAs(RemoteWebDriver.java:295)
	at com.cydeo.step_definitions.Hooks.teardownScenario(Hooks.java:54)
</pre>
      </div>
    </div>
  </div>





        </div>
    </div>
  </div>

  </div>
</div>


<div class="element">


<div class="tags indention">
</div>


  <span class="lead-duration duration">0.000</span>


  <span data-toggle="collapse" class=" collapsable-control" data-target="#element-73">

<div class="brief fa&#305;led">
  <span class="keyword indention">Background</span>
  <span class="name"></span>


     <i class="chevron fa fa-fw"></i>
</div>

  </span>
  <div class="description indention"></div>

  <div id="element-73" class="collapse collapsable-details  in ">





<div class="steps inner-level">
  <div data-toggle="collapse" class=" collapsable-control" data-target="#steps-74">

<div class="brief fa&#305;led">
  <span class="keyword indention">Steps</span>
  <span class="name"></span>


     <i class="chevron fa fa-fw"></i>
</div>

  </div>

  <div id="steps-74" class="inner-level collapse collapsable-details  in ">
      <div class="step">


<div class="brief step-name-Given sk&#305;pped">
  <span class="keyword indention">Given</span>
  <span class="name">User is on the login page</span>

  <span class="lead-duration duration">0.000</span>

</div>
















      </div>
  </div>
</div>





  </div>
</div>


<div class="element">


<div class="tags indention">
    <b>Tags:</b>
       <a href="report-tag_3353682684.html">@FLEET10-1031</a>
       <a href="report-tag_3353682752.html">@FLEET10-1057</a>
</div>


  <span class="lead-duration duration">0.000</span>


  <span data-toggle="collapse" class=" collapsable-control" data-target="#element-75">

<div class="brief fa&#305;led">
  <span class="keyword indention">Scenario</span>
  <span class="name">Clickable &quot;Remember me on this computer&quot; link</span>


     <i class="chevron fa fa-fw"></i>
</div>

  </span>
  <div class="description indention"></div>

  <div id="element-75" class="collapse collapsable-details  in ">


  <div class="inner-level hooks-element-before">
    <div data-toggle="collapse" class=" collapsable-control" data-target="#before-76">

<div class="brief fa&#305;led">
  <span class="keyword indention">Hooks</span>
  <span class="name"></span>


     <i class="chevron fa fa-fw"></i>
</div>

    </div>

    <div id="before-76" class="inner-level collapse collapsable-details  in ">
        <div class="hook">
          <div class="brief fa&#305;led">
            <span class="keyword indention">Before</span>
              <span class="location name">com.cydeo.step_definitions.Hooks.setupScenario()</span>

  <span class="lead-duration duration">0.002</span>

          </div>



  <div class="inner-level">
    <div class="message indention">
      <div data-toggle="collapse" class=" collapsable-control" data-target="#msg-77">
          <a>Error message</a>
      </div>
      <div id="msg-77" class="collapse collapsable-details  in ">
        <pre>org.openqa.selenium.NoSuchWindowException: no such window: target window already closed
from unknown error: web view not found
  (Session info: chrome=111.0.5563.149)
Build info: version: '3.141.59', revision: 'e82be7d358', time: '2018-11-14T08:17:03'
System info: host: 'DESKTOP-2S9OFKM', ip: '192.168.1.107', os.name: 'Windows 10', os.arch: 'amd64', os.version: '10.0', java.version: '18'
Driver info: org.openqa.selenium.chrome.ChromeDriver
Capabilities {acceptInsecureCerts: false, browserName: chrome, browserVersion: 111.0.5563.149, chrome: {chromedriverVersion: 111.0.5563.64 (c710e93d5b63..., userDataDir: C:\Users\melte\AppData\Loca...}, goog:chromeOptions: {debuggerAddress: localhost:63121}, javascriptEnabled: true, networkConnectionEnabled: false, pageLoadStrategy: normal, platform: WINDOWS, platformName: WINDOWS, proxy: Proxy(), setWindowRect: true, strictFileInteractability: false, timeouts: {implicit: 0, pageLoad: 300000, script: 30000}, unhandledPromptBehavior: dismiss and notify, webauthn:extension:credBlob: true, webauthn:extension:largeBlob: true, webauthn:extension:minPinLength: true, webauthn:extension:prf: true, webauthn:virtualAuthenticators: true}
Session ID: 2651be0350489fb04e94c3a9d422803a
	at java.base/jdk.internal.reflect.DirectConstructorHandleAccessor.newInstance(DirectConstructorHandleAccessor.java:67)
	at java.base/java.lang.reflect.Constructor.newInstanceWithCaller(Constructor.java:499)
	at java.base/java.lang.reflect.Constructor.newInstance(Constructor.java:483)
	at org.openqa.selenium.remote.http.W3CHttpResponseCodec.createException(W3CHttpResponseCodec.java:187)
	at org.openqa.selenium.remote.http.W3CHttpResponseCodec.decode(W3CHttpResponseCodec.java:122)
	at org.openqa.selenium.remote.http.W3CHttpResponseCodec.decode(W3CHttpResponseCodec.java:49)
	at org.openqa.selenium.remote.HttpCommandExecutor.execute(HttpCommandExecutor.java:158)
	at org.openqa.selenium.remote.service.DriverCommandExecutor.execute(DriverCommandExecutor.java:83)
	at org.openqa.selenium.remote.RemoteWebDriver.execute(RemoteWebDriver.java:552)
	at org.openqa.selenium.remote.RemoteWebDriver.get(RemoteWebDriver.java:277)
	at com.cydeo.step_definitions.Hooks.setupScenario(Hooks.java:27)
</pre>
      </div>
    </div>
  </div>





        </div>
    </div>
  </div>



<div class="steps inner-level">
  <div data-toggle="collapse" class=" collapsable-control" data-target="#steps-78">

<div class="brief fa&#305;led">
  <span class="keyword indention">Steps</span>
  <span class="name"></span>


     <i class="chevron fa fa-fw"></i>
</div>

  </div>

  <div id="steps-78" class="inner-level collapse collapsable-details  in ">
      <div class="step">


<div class="brief step-name-When sk&#305;pped">
  <span class="keyword indention">When</span>
  <span class="name">The user see Remember me on this computer link is clickable</span>

  <span class="lead-duration duration">0.000</span>

</div>
















      </div>
  </div>
</div>




  <div class="inner-level hooks-element-after">
    <div data-toggle="collapse" class=" collapsable-control" data-target="#after-79">

<div class="brief fa&#305;led">
  <span class="keyword indention">Hooks</span>
  <span class="name"></span>


     <i class="chevron fa fa-fw"></i>
</div>

    </div>

    <div id="after-79" class="inner-level collapse collapsable-details  in ">
        <div class="hook">
          <div class="brief fa&#305;led">
            <span class="keyword indention">After</span>
              <span class="location name">com.cydeo.step_definitions.Hooks.teardownScenario(io.cucumber.java.Scenario)</span>

  <span class="lead-duration duration">0.001</span>

          </div>



  <div class="inner-level">
    <div class="message indention">
      <div data-toggle="collapse" class=" collapsable-control" data-target="#msg-80">
          <a>Error message</a>
      </div>
      <div id="msg-80" class="collapse collapsable-details  in ">
        <pre>org.openqa.selenium.NoSuchWindowException: no such window: target window already closed
from unknown error: web view not found
  (Session info: chrome=111.0.5563.149)
Build info: version: '3.141.59', revision: 'e82be7d358', time: '2018-11-14T08:17:03'
System info: host: 'DESKTOP-2S9OFKM', ip: '192.168.1.107', os.name: 'Windows 10', os.arch: 'amd64', os.version: '10.0', java.version: '18'
Driver info: org.openqa.selenium.chrome.ChromeDriver
Capabilities {acceptInsecureCerts: false, browserName: chrome, browserVersion: 111.0.5563.149, chrome: {chromedriverVersion: 111.0.5563.64 (c710e93d5b63..., userDataDir: C:\Users\melte\AppData\Loca...}, goog:chromeOptions: {debuggerAddress: localhost:63121}, javascriptEnabled: true, networkConnectionEnabled: false, pageLoadStrategy: normal, platform: WINDOWS, platformName: WINDOWS, proxy: Proxy(), setWindowRect: true, strictFileInteractability: false, timeouts: {implicit: 0, pageLoad: 300000, script: 30000}, unhandledPromptBehavior: dismiss and notify, webauthn:extension:credBlob: true, webauthn:extension:largeBlob: true, webauthn:extension:minPinLength: true, webauthn:extension:prf: true, webauthn:virtualAuthenticators: true}
Session ID: 2651be0350489fb04e94c3a9d422803a
	at java.base/jdk.internal.reflect.DirectConstructorHandleAccessor.newInstance(DirectConstructorHandleAccessor.java:67)
	at java.base/java.lang.reflect.Constructor.newInstanceWithCaller(Constructor.java:499)
	at java.base/java.lang.reflect.Constructor.newInstance(Constructor.java:483)
	at org.openqa.selenium.remote.http.W3CHttpResponseCodec.createException(W3CHttpResponseCodec.java:187)
	at org.openqa.selenium.remote.http.W3CHttpResponseCodec.decode(W3CHttpResponseCodec.java:122)
	at org.openqa.selenium.remote.http.W3CHttpResponseCodec.decode(W3CHttpResponseCodec.java:49)
	at org.openqa.selenium.remote.HttpCommandExecutor.execute(HttpCommandExecutor.java:158)
	at org.openqa.selenium.remote.service.DriverCommandExecutor.execute(DriverCommandExecutor.java:83)
	at org.openqa.selenium.remote.RemoteWebDriver.execute(RemoteWebDriver.java:552)
	at org.openqa.selenium.remote.RemoteWebDriver.execute(RemoteWebDriver.java:609)
	at org.openqa.selenium.remote.RemoteWebDriver.getScreenshotAs(RemoteWebDriver.java:295)
	at com.cydeo.step_definitions.Hooks.teardownScenario(Hooks.java:54)
</pre>
      </div>
    </div>
  </div>





        </div>
    </div>
  </div>

  </div>
</div>


<div class="element">


<div class="tags indention">
</div>


  <span class="lead-duration duration">0.000</span>


  <span data-toggle="collapse" class=" collapsable-control" data-target="#element-81">

<div class="brief fa&#305;led">
  <span class="keyword indention">Background</span>
  <span class="name"></span>


     <i class="chevron fa fa-fw"></i>
</div>

  </span>
  <div class="description indention"></div>

  <div id="element-81" class="collapse collapsable-details  in ">





<div class="steps inner-level">
  <div data-toggle="collapse" class=" collapsable-control" data-target="#steps-82">

<div class="brief fa&#305;led">
  <span class="keyword indention">Steps</span>
  <span class="name"></span>


     <i class="chevron fa fa-fw"></i>
</div>

  </div>

  <div id="steps-82" class="inner-level collapse collapsable-details  in ">
      <div class="step">


<div class="brief step-name-Given sk&#305;pped">
  <span class="keyword indention">Given</span>
  <span class="name">User is on the login page</span>

  <span class="lead-duration duration">0.000</span>

</div>
















      </div>
  </div>
</div>





  </div>
</div>


<div class="element">


<div class="tags indention">
    <b>Tags:</b>
       <a href="report-tag_3353682684.html">@FLEET10-1031</a>
       <a href="report-tag_3353682754.html">@FLEET10-1059</a>
</div>


  <span class="lead-duration duration">0.000</span>


  <span data-toggle="collapse" class=" collapsable-control" data-target="#element-83">

<div class="brief fa&#305;led">
  <span class="keyword indention">Scenario</span>
  <span class="name">User should see the password in bullet signs by default (like ****)</span>


     <i class="chevron fa fa-fw"></i>
</div>

  </span>
  <div class="description indention"></div>

  <div id="element-83" class="collapse collapsable-details  in ">


  <div class="inner-level hooks-element-before">
    <div data-toggle="collapse" class=" collapsable-control" data-target="#before-84">

<div class="brief fa&#305;led">
  <span class="keyword indention">Hooks</span>
  <span class="name"></span>


     <i class="chevron fa fa-fw"></i>
</div>

    </div>

    <div id="before-84" class="inner-level collapse collapsable-details  in ">
        <div class="hook">
          <div class="brief fa&#305;led">
            <span class="keyword indention">Before</span>
              <span class="location name">com.cydeo.step_definitions.Hooks.setupScenario()</span>

  <span class="lead-duration duration">0.003</span>

          </div>



  <div class="inner-level">
    <div class="message indention">
      <div data-toggle="collapse" class=" collapsable-control" data-target="#msg-85">
          <a>Error message</a>
      </div>
      <div id="msg-85" class="collapse collapsable-details  in ">
        <pre>org.openqa.selenium.NoSuchWindowException: no such window: target window already closed
from unknown error: web view not found
  (Session info: chrome=111.0.5563.149)
Build info: version: '3.141.59', revision: 'e82be7d358', time: '2018-11-14T08:17:03'
System info: host: 'DESKTOP-2S9OFKM', ip: '192.168.1.107', os.name: 'Windows 10', os.arch: 'amd64', os.version: '10.0', java.version: '18'
Driver info: org.openqa.selenium.chrome.ChromeDriver
Capabilities {acceptInsecureCerts: false, browserName: chrome, browserVersion: 111.0.5563.149, chrome: {chromedriverVersion: 111.0.5563.64 (c710e93d5b63..., userDataDir: C:\Users\melte\AppData\Loca...}, goog:chromeOptions: {debuggerAddress: localhost:63121}, javascriptEnabled: true, networkConnectionEnabled: false, pageLoadStrategy: normal, platform: WINDOWS, platformName: WINDOWS, proxy: Proxy(), setWindowRect: true, strictFileInteractability: false, timeouts: {implicit: 0, pageLoad: 300000, script: 30000}, unhandledPromptBehavior: dismiss and notify, webauthn:extension:credBlob: true, webauthn:extension:largeBlob: true, webauthn:extension:minPinLength: true, webauthn:extension:prf: true, webauthn:virtualAuthenticators: true}
Session ID: 2651be0350489fb04e94c3a9d422803a
	at java.base/jdk.internal.reflect.DirectConstructorHandleAccessor.newInstance(DirectConstructorHandleAccessor.java:67)
	at java.base/java.lang.reflect.Constructor.newInstanceWithCaller(Constructor.java:499)
	at java.base/java.lang.reflect.Constructor.newInstance(Constructor.java:483)
	at org.openqa.selenium.remote.http.W3CHttpResponseCodec.createException(W3CHttpResponseCodec.java:187)
	at org.openqa.selenium.remote.http.W3CHttpResponseCodec.decode(W3CHttpResponseCodec.java:122)
	at org.openqa.selenium.remote.http.W3CHttpResponseCodec.decode(W3CHttpResponseCodec.java:49)
	at org.openqa.selenium.remote.HttpCommandExecutor.execute(HttpCommandExecutor.java:158)
	at org.openqa.selenium.remote.service.DriverCommandExecutor.execute(DriverCommandExecutor.java:83)
	at org.openqa.selenium.remote.RemoteWebDriver.execute(RemoteWebDriver.java:552)
	at org.openqa.selenium.remote.RemoteWebDriver.get(RemoteWebDriver.java:277)
	at com.cydeo.step_definitions.Hooks.setupScenario(Hooks.java:27)
</pre>
      </div>
    </div>
  </div>





        </div>
    </div>
  </div>



<div class="steps inner-level">
  <div data-toggle="collapse" class=" collapsable-control" data-target="#steps-86">

<div class="brief fa&#305;led">
  <span class="keyword indention">Steps</span>
  <span class="name"></span>


     <i class="chevron fa fa-fw"></i>
</div>

  </div>

  <div id="steps-86" class="inner-level collapse collapsable-details  in ">
      <div class="step">


<div class="brief step-name-When sk&#305;pped">
  <span class="keyword indention">When</span>
  <span class="name">User type the password</span>

  <span class="lead-duration duration">0.000</span>

</div>
















      </div>
      <div class="step">


<div class="brief step-name-Then sk&#305;pped">
  <span class="keyword indention">Then</span>
  <span class="name">User see the password in bullet signs by default</span>

  <span class="lead-duration duration">0.000</span>

</div>
















      </div>
  </div>
</div>




  <div class="inner-level hooks-element-after">
    <div data-toggle="collapse" class=" collapsable-control" data-target="#after-87">

<div class="brief fa&#305;led">
  <span class="keyword indention">Hooks</span>
  <span class="name"></span>


     <i class="chevron fa fa-fw"></i>
</div>

    </div>

    <div id="after-87" class="inner-level collapse collapsable-details  in ">
        <div class="hook">
          <div class="brief fa&#305;led">
            <span class="keyword indention">After</span>
              <span class="location name">com.cydeo.step_definitions.Hooks.teardownScenario(io.cucumber.java.Scenario)</span>

  <span class="lead-duration duration">0.001</span>

          </div>



  <div class="inner-level">
    <div class="message indention">
      <div data-toggle="collapse" class=" collapsable-control" data-target="#msg-88">
          <a>Error message</a>
      </div>
      <div id="msg-88" class="collapse collapsable-details  in ">
        <pre>org.openqa.selenium.NoSuchWindowException: no such window: target window already closed
from unknown error: web view not found
  (Session info: chrome=111.0.5563.149)
Build info: version: '3.141.59', revision: 'e82be7d358', time: '2018-11-14T08:17:03'
System info: host: 'DESKTOP-2S9OFKM', ip: '192.168.1.107', os.name: 'Windows 10', os.arch: 'amd64', os.version: '10.0', java.version: '18'
Driver info: org.openqa.selenium.chrome.ChromeDriver
Capabilities {acceptInsecureCerts: false, browserName: chrome, browserVersion: 111.0.5563.149, chrome: {chromedriverVersion: 111.0.5563.64 (c710e93d5b63..., userDataDir: C:\Users\melte\AppData\Loca...}, goog:chromeOptions: {debuggerAddress: localhost:63121}, javascriptEnabled: true, networkConnectionEnabled: false, pageLoadStrategy: normal, platform: WINDOWS, platformName: WINDOWS, proxy: Proxy(), setWindowRect: true, strictFileInteractability: false, timeouts: {implicit: 0, pageLoad: 300000, script: 30000}, unhandledPromptBehavior: dismiss and notify, webauthn:extension:credBlob: true, webauthn:extension:largeBlob: true, webauthn:extension:minPinLength: true, webauthn:extension:prf: true, webauthn:virtualAuthenticators: true}
Session ID: 2651be0350489fb04e94c3a9d422803a
	at java.base/jdk.internal.reflect.DirectConstructorHandleAccessor.newInstance(DirectConstructorHandleAccessor.java:67)
	at java.base/java.lang.reflect.Constructor.newInstanceWithCaller(Constructor.java:499)
	at java.base/java.lang.reflect.Constructor.newInstance(Constructor.java:483)
	at org.openqa.selenium.remote.http.W3CHttpResponseCodec.createException(W3CHttpResponseCodec.java:187)
	at org.openqa.selenium.remote.http.W3CHttpResponseCodec.decode(W3CHttpResponseCodec.java:122)
	at org.openqa.selenium.remote.http.W3CHttpResponseCodec.decode(W3CHttpResponseCodec.java:49)
	at org.openqa.selenium.remote.HttpCommandExecutor.execute(HttpCommandExecutor.java:158)
	at org.openqa.selenium.remote.service.DriverCommandExecutor.execute(DriverCommandExecutor.java:83)
	at org.openqa.selenium.remote.RemoteWebDriver.execute(RemoteWebDriver.java:552)
	at org.openqa.selenium.remote.RemoteWebDriver.execute(RemoteWebDriver.java:609)
	at org.openqa.selenium.remote.RemoteWebDriver.getScreenshotAs(RemoteWebDriver.java:295)
	at com.cydeo.step_definitions.Hooks.teardownScenario(Hooks.java:54)
</pre>
      </div>
    </div>
  </div>





        </div>
    </div>
  </div>

  </div>
</div>


<div class="element">


<div class="tags indention">
</div>


  <span class="lead-duration duration">0.000</span>


  <span data-toggle="collapse" class=" collapsable-control" data-target="#element-89">

<div class="brief fa&#305;led">
  <span class="keyword indention">Background</span>
  <span class="name"></span>


     <i class="chevron fa fa-fw"></i>
</div>

  </span>
  <div class="description indention"></div>

  <div id="element-89" class="collapse collapsable-details  in ">





<div class="steps inner-level">
  <div data-toggle="collapse" class=" collapsable-control" data-target="#steps-90">

<div class="brief fa&#305;led">
  <span class="keyword indention">Steps</span>
  <span class="name"></span>


     <i class="chevron fa fa-fw"></i>
</div>

  </div>

  <div id="steps-90" class="inner-level collapse collapsable-details  in ">
      <div class="step">


<div class="brief step-name-Given sk&#305;pped">
  <span class="keyword indention">Given</span>
  <span class="name">User is on the login page</span>

  <span class="lead-duration duration">0.000</span>

</div>
















      </div>
  </div>
</div>





  </div>
</div>


<div class="element">


<div class="tags indention">
    <b>Tags:</b>
       <a href="report-tag_3353682684.html">@FLEET10-1031</a>
       <a href="report-tag_3353682776.html">@FLEET10-1060</a>
</div>


  <span class="lead-duration duration">0.000</span>


  <span data-toggle="collapse" class=" collapsable-control" data-target="#element-91">

<div class="brief fa&#305;led">
  <span class="keyword indention">Scenario</span>
  <span class="name">Verify if the &lsquo;Enter&rsquo; key of the keyboard is working correctly on the login page</span>


     <i class="chevron fa fa-fw"></i>
</div>

  </span>
  <div class="description indention"></div>

  <div id="element-91" class="collapse collapsable-details  in ">


  <div class="inner-level hooks-element-before">
    <div data-toggle="collapse" class=" collapsable-control" data-target="#before-92">

<div class="brief fa&#305;led">
  <span class="keyword indention">Hooks</span>
  <span class="name"></span>


     <i class="chevron fa fa-fw"></i>
</div>

    </div>

    <div id="before-92" class="inner-level collapse collapsable-details  in ">
        <div class="hook">
          <div class="brief fa&#305;led">
            <span class="keyword indention">Before</span>
              <span class="location name">com.cydeo.step_definitions.Hooks.setupScenario()</span>

  <span class="lead-duration duration">0.004</span>

          </div>



  <div class="inner-level">
    <div class="message indention">
      <div data-toggle="collapse" class=" collapsable-control" data-target="#msg-93">
          <a>Error message</a>
      </div>
      <div id="msg-93" class="collapse collapsable-details  in ">
        <pre>org.openqa.selenium.NoSuchWindowException: no such window: target window already closed
from unknown error: web view not found
  (Session info: chrome=111.0.5563.149)
Build info: version: '3.141.59', revision: 'e82be7d358', time: '2018-11-14T08:17:03'
System info: host: 'DESKTOP-2S9OFKM', ip: '192.168.1.107', os.name: 'Windows 10', os.arch: 'amd64', os.version: '10.0', java.version: '18'
Driver info: org.openqa.selenium.chrome.ChromeDriver
Capabilities {acceptInsecureCerts: false, browserName: chrome, browserVersion: 111.0.5563.149, chrome: {chromedriverVersion: 111.0.5563.64 (c710e93d5b63..., userDataDir: C:\Users\melte\AppData\Loca...}, goog:chromeOptions: {debuggerAddress: localhost:63121}, javascriptEnabled: true, networkConnectionEnabled: false, pageLoadStrategy: normal, platform: WINDOWS, platformName: WINDOWS, proxy: Proxy(), setWindowRect: true, strictFileInteractability: false, timeouts: {implicit: 0, pageLoad: 300000, script: 30000}, unhandledPromptBehavior: dismiss and notify, webauthn:extension:credBlob: true, webauthn:extension:largeBlob: true, webauthn:extension:minPinLength: true, webauthn:extension:prf: true, webauthn:virtualAuthenticators: true}
Session ID: 2651be0350489fb04e94c3a9d422803a
	at java.base/jdk.internal.reflect.DirectConstructorHandleAccessor.newInstance(DirectConstructorHandleAccessor.java:67)
	at java.base/java.lang.reflect.Constructor.newInstanceWithCaller(Constructor.java:499)
	at java.base/java.lang.reflect.Constructor.newInstance(Constructor.java:483)
	at org.openqa.selenium.remote.http.W3CHttpResponseCodec.createException(W3CHttpResponseCodec.java:187)
	at org.openqa.selenium.remote.http.W3CHttpResponseCodec.decode(W3CHttpResponseCodec.java:122)
	at org.openqa.selenium.remote.http.W3CHttpResponseCodec.decode(W3CHttpResponseCodec.java:49)
	at org.openqa.selenium.remote.HttpCommandExecutor.execute(HttpCommandExecutor.java:158)
	at org.openqa.selenium.remote.service.DriverCommandExecutor.execute(DriverCommandExecutor.java:83)
	at org.openqa.selenium.remote.RemoteWebDriver.execute(RemoteWebDriver.java:552)
	at org.openqa.selenium.remote.RemoteWebDriver.get(RemoteWebDriver.java:277)
	at com.cydeo.step_definitions.Hooks.setupScenario(Hooks.java:27)
</pre>
      </div>
    </div>
  </div>





        </div>
    </div>
  </div>



<div class="steps inner-level">
  <div data-toggle="collapse" class=" collapsable-control" data-target="#steps-94">

<div class="brief fa&#305;led">
  <span class="keyword indention">Steps</span>
  <span class="name"></span>


     <i class="chevron fa fa-fw"></i>
</div>

  </div>

  <div id="steps-94" class="inner-level collapse collapsable-details  in ">
      <div class="step">


<div class="brief step-name-When sk&#305;pped">
  <span class="keyword indention">When</span>
  <span class="name">User press enter key of the keyboard</span>

  <span class="lead-duration duration">0.000</span>

</div>
















      </div>
      <div class="step">


<div class="brief step-name-Then sk&#305;pped">
  <span class="keyword indention">Then</span>
  <span class="name">User see enter key is working</span>

  <span class="lead-duration duration">0.000</span>

</div>
















      </div>
  </div>
</div>




  <div class="inner-level hooks-element-after">
    <div data-toggle="collapse" class=" collapsable-control" data-target="#after-95">

<div class="brief fa&#305;led">
  <span class="keyword indention">Hooks</span>
  <span class="name"></span>


     <i class="chevron fa fa-fw"></i>
</div>

    </div>

    <div id="after-95" class="inner-level collapse collapsable-details  in ">
        <div class="hook">
          <div class="brief fa&#305;led">
            <span class="keyword indention">After</span>
              <span class="location name">com.cydeo.step_definitions.Hooks.teardownScenario(io.cucumber.java.Scenario)</span>

  <span class="lead-duration duration">0.001</span>

          </div>



  <div class="inner-level">
    <div class="message indention">
      <div data-toggle="collapse" class=" collapsable-control" data-target="#msg-96">
          <a>Error message</a>
      </div>
      <div id="msg-96" class="collapse collapsable-details  in ">
        <pre>org.openqa.selenium.NoSuchWindowException: no such window: target window already closed
from unknown error: web view not found
  (Session info: chrome=111.0.5563.149)
Build info: version: '3.141.59', revision: 'e82be7d358', time: '2018-11-14T08:17:03'
System info: host: 'DESKTOP-2S9OFKM', ip: '192.168.1.107', os.name: 'Windows 10', os.arch: 'amd64', os.version: '10.0', java.version: '18'
Driver info: org.openqa.selenium.chrome.ChromeDriver
Capabilities {acceptInsecureCerts: false, browserName: chrome, browserVersion: 111.0.5563.149, chrome: {chromedriverVersion: 111.0.5563.64 (c710e93d5b63..., userDataDir: C:\Users\melte\AppData\Loca...}, goog:chromeOptions: {debuggerAddress: localhost:63121}, javascriptEnabled: true, networkConnectionEnabled: false, pageLoadStrategy: normal, platform: WINDOWS, platformName: WINDOWS, proxy: Proxy(), setWindowRect: true, strictFileInteractability: false, timeouts: {implicit: 0, pageLoad: 300000, script: 30000}, unhandledPromptBehavior: dismiss and notify, webauthn:extension:credBlob: true, webauthn:extension:largeBlob: true, webauthn:extension:minPinLength: true, webauthn:extension:prf: true, webauthn:virtualAuthenticators: true}
Session ID: 2651be0350489fb04e94c3a9d422803a
	at java.base/jdk.internal.reflect.DirectConstructorHandleAccessor.newInstance(DirectConstructorHandleAccessor.java:67)
	at java.base/java.lang.reflect.Constructor.newInstanceWithCaller(Constructor.java:499)
	at java.base/java.lang.reflect.Constructor.newInstance(Constructor.java:483)
	at org.openqa.selenium.remote.http.W3CHttpResponseCodec.createException(W3CHttpResponseCodec.java:187)
	at org.openqa.selenium.remote.http.W3CHttpResponseCodec.decode(W3CHttpResponseCodec.java:122)
	at org.openqa.selenium.remote.http.W3CHttpResponseCodec.decode(W3CHttpResponseCodec.java:49)
	at org.openqa.selenium.remote.HttpCommandExecutor.execute(HttpCommandExecutor.java:158)
	at org.openqa.selenium.remote.service.DriverCommandExecutor.execute(DriverCommandExecutor.java:83)
	at org.openqa.selenium.remote.RemoteWebDriver.execute(RemoteWebDriver.java:552)
	at org.openqa.selenium.remote.RemoteWebDriver.execute(RemoteWebDriver.java:609)
	at org.openqa.selenium.remote.RemoteWebDriver.getScreenshotAs(RemoteWebDriver.java:295)
	at com.cydeo.step_definitions.Hooks.teardownScenario(Hooks.java:54)
</pre>
      </div>
    </div>
  </div>





        </div>
    </div>
  </div>

  </div>
</div>


<div class="element">


<div class="tags indention">
</div>


  <span class="lead-duration duration">0.000</span>


  <span data-toggle="collapse" class=" collapsable-control" data-target="#element-97">

<div class="brief fa&#305;led">
  <span class="keyword indention">Background</span>
  <span class="name"></span>


     <i class="chevron fa fa-fw"></i>
</div>

  </span>
  <div class="description indention"></div>

  <div id="element-97" class="collapse collapsable-details  in ">





<div class="steps inner-level">
  <div data-toggle="collapse" class=" collapsable-control" data-target="#steps-98">

<div class="brief fa&#305;led">
  <span class="keyword indention">Steps</span>
  <span class="name"></span>


     <i class="chevron fa fa-fw"></i>
</div>

  </div>

  <div id="steps-98" class="inner-level collapse collapsable-details  in ">
      <div class="step">


<div class="brief step-name-Given sk&#305;pped">
  <span class="keyword indention">Given</span>
  <span class="name">User is on the login page</span>

  <span class="lead-duration duration">0.000</span>

</div>
















      </div>
  </div>
</div>





  </div>
</div>


<div class="element">


<div class="tags indention">
    <b>Tags:</b>
       <a href="report-tag_3353682684.html">@FLEET10-1031</a>
       <a href="report-tag_3353682778.html">@FLEET10-1062</a>
</div>


  <span class="lead-duration duration">0.000</span>


  <span data-toggle="collapse" class=" collapsable-control" data-target="#element-99">

<div class="brief fa&#305;led">
  <span class="keyword indention">Scenario</span>
  <span class="name">All users can see their own usernames in the profile menu, after successful login</span>


     <i class="chevron fa fa-fw"></i>
</div>

  </span>
  <div class="description indention"></div>

  <div id="element-99" class="collapse collapsable-details  in ">


  <div class="inner-level hooks-element-before">
    <div data-toggle="collapse" class=" collapsable-control" data-target="#before-100">

<div class="brief fa&#305;led">
  <span class="keyword indention">Hooks</span>
  <span class="name"></span>


     <i class="chevron fa fa-fw"></i>
</div>

    </div>

    <div id="before-100" class="inner-level collapse collapsable-details  in ">
        <div class="hook">
          <div class="brief fa&#305;led">
            <span class="keyword indention">Before</span>
              <span class="location name">com.cydeo.step_definitions.Hooks.setupScenario()</span>

  <span class="lead-duration duration">0.002</span>

          </div>



  <div class="inner-level">
    <div class="message indention">
      <div data-toggle="collapse" class=" collapsable-control" data-target="#msg-101">
          <a>Error message</a>
      </div>
      <div id="msg-101" class="collapse collapsable-details  in ">
        <pre>org.openqa.selenium.NoSuchWindowException: no such window: target window already closed
from unknown error: web view not found
  (Session info: chrome=111.0.5563.149)
Build info: version: '3.141.59', revision: 'e82be7d358', time: '2018-11-14T08:17:03'
System info: host: 'DESKTOP-2S9OFKM', ip: '192.168.1.107', os.name: 'Windows 10', os.arch: 'amd64', os.version: '10.0', java.version: '18'
Driver info: org.openqa.selenium.chrome.ChromeDriver
Capabilities {acceptInsecureCerts: false, browserName: chrome, browserVersion: 111.0.5563.149, chrome: {chromedriverVersion: 111.0.5563.64 (c710e93d5b63..., userDataDir: C:\Users\melte\AppData\Loca...}, goog:chromeOptions: {debuggerAddress: localhost:63121}, javascriptEnabled: true, networkConnectionEnabled: false, pageLoadStrategy: normal, platform: WINDOWS, platformName: WINDOWS, proxy: Proxy(), setWindowRect: true, strictFileInteractability: false, timeouts: {implicit: 0, pageLoad: 300000, script: 30000}, unhandledPromptBehavior: dismiss and notify, webauthn:extension:credBlob: true, webauthn:extension:largeBlob: true, webauthn:extension:minPinLength: true, webauthn:extension:prf: true, webauthn:virtualAuthenticators: true}
Session ID: 2651be0350489fb04e94c3a9d422803a
	at java.base/jdk.internal.reflect.DirectConstructorHandleAccessor.newInstance(DirectConstructorHandleAccessor.java:67)
	at java.base/java.lang.reflect.Constructor.newInstanceWithCaller(Constructor.java:499)
	at java.base/java.lang.reflect.Constructor.newInstance(Constructor.java:483)
	at org.openqa.selenium.remote.http.W3CHttpResponseCodec.createException(W3CHttpResponseCodec.java:187)
	at org.openqa.selenium.remote.http.W3CHttpResponseCodec.decode(W3CHttpResponseCodec.java:122)
	at org.openqa.selenium.remote.http.W3CHttpResponseCodec.decode(W3CHttpResponseCodec.java:49)
	at org.openqa.selenium.remote.HttpCommandExecutor.execute(HttpCommandExecutor.java:158)
	at org.openqa.selenium.remote.service.DriverCommandExecutor.execute(DriverCommandExecutor.java:83)
	at org.openqa.selenium.remote.RemoteWebDriver.execute(RemoteWebDriver.java:552)
	at org.openqa.selenium.remote.RemoteWebDriver.get(RemoteWebDriver.java:277)
	at com.cydeo.step_definitions.Hooks.setupScenario(Hooks.java:27)
</pre>
      </div>
    </div>
  </div>





        </div>
    </div>
  </div>



<div class="steps inner-level">
  <div data-toggle="collapse" class=" collapsable-control" data-target="#steps-102">

<div class="brief fa&#305;led">
  <span class="keyword indention">Steps</span>
  <span class="name"></span>


     <i class="chevron fa fa-fw"></i>
</div>

  </div>

  <div id="steps-102" class="inner-level collapse collapsable-details  in ">
      <div class="step">


<div class="brief step-name-When sk&#305;pped">
  <span class="keyword indention">When</span>
  <span class="name">User enter valid username and valid password and click</span>

  <span class="lead-duration duration">0.000</span>

</div>
















      </div>
      <div class="step">


<div class="brief step-name-Then sk&#305;pped">
  <span class="keyword indention">Then</span>
  <span class="name">User see own username in the profile menu</span>

  <span class="lead-duration duration">0.000</span>

</div>
















      </div>
  </div>
</div>




  <div class="inner-level hooks-element-after">
    <div data-toggle="collapse" class=" collapsable-control" data-target="#after-103">

<div class="brief fa&#305;led">
  <span class="keyword indention">Hooks</span>
  <span class="name"></span>


     <i class="chevron fa fa-fw"></i>
</div>

    </div>

    <div id="after-103" class="inner-level collapse collapsable-details  in ">
        <div class="hook">
          <div class="brief fa&#305;led">
            <span class="keyword indention">After</span>
              <span class="location name">com.cydeo.step_definitions.Hooks.teardownScenario(io.cucumber.java.Scenario)</span>

  <span class="lead-duration duration">0.003</span>

          </div>



  <div class="inner-level">
    <div class="message indention">
      <div data-toggle="collapse" class=" collapsable-control" data-target="#msg-104">
          <a>Error message</a>
      </div>
      <div id="msg-104" class="collapse collapsable-details  in ">
        <pre>org.openqa.selenium.NoSuchWindowException: no such window: target window already closed
from unknown error: web view not found
  (Session info: chrome=111.0.5563.149)
Build info: version: '3.141.59', revision: 'e82be7d358', time: '2018-11-14T08:17:03'
System info: host: 'DESKTOP-2S9OFKM', ip: '192.168.1.107', os.name: 'Windows 10', os.arch: 'amd64', os.version: '10.0', java.version: '18'
Driver info: org.openqa.selenium.chrome.ChromeDriver
Capabilities {acceptInsecureCerts: false, browserName: chrome, browserVersion: 111.0.5563.149, chrome: {chromedriverVersion: 111.0.5563.64 (c710e93d5b63..., userDataDir: C:\Users\melte\AppData\Loca...}, goog:chromeOptions: {debuggerAddress: localhost:63121}, javascriptEnabled: true, networkConnectionEnabled: false, pageLoadStrategy: normal, platform: WINDOWS, platformName: WINDOWS, proxy: Proxy(), setWindowRect: true, strictFileInteractability: false, timeouts: {implicit: 0, pageLoad: 300000, script: 30000}, unhandledPromptBehavior: dismiss and notify, webauthn:extension:credBlob: true, webauthn:extension:largeBlob: true, webauthn:extension:minPinLength: true, webauthn:extension:prf: true, webauthn:virtualAuthenticators: true}
Session ID: 2651be0350489fb04e94c3a9d422803a
	at java.base/jdk.internal.reflect.DirectConstructorHandleAccessor.newInstance(DirectConstructorHandleAccessor.java:67)
	at java.base/java.lang.reflect.Constructor.newInstanceWithCaller(Constructor.java:499)
	at java.base/java.lang.reflect.Constructor.newInstance(Constructor.java:483)
	at org.openqa.selenium.remote.http.W3CHttpResponseCodec.createException(W3CHttpResponseCodec.java:187)
	at org.openqa.selenium.remote.http.W3CHttpResponseCodec.decode(W3CHttpResponseCodec.java:122)
	at org.openqa.selenium.remote.http.W3CHttpResponseCodec.decode(W3CHttpResponseCodec.java:49)
	at org.openqa.selenium.remote.HttpCommandExecutor.execute(HttpCommandExecutor.java:158)
	at org.openqa.selenium.remote.service.DriverCommandExecutor.execute(DriverCommandExecutor.java:83)
	at org.openqa.selenium.remote.RemoteWebDriver.execute(RemoteWebDriver.java:552)
	at org.openqa.selenium.remote.RemoteWebDriver.execute(RemoteWebDriver.java:609)
	at org.openqa.selenium.remote.RemoteWebDriver.getScreenshotAs(RemoteWebDriver.java:295)
	at com.cydeo.step_definitions.Hooks.teardownScenario(Hooks.java:54)
</pre>
      </div>
    </div>
  </div>





        </div>
    </div>
  </div>

  </div>
</div>

        </div>

      </div>
    </div>
  </div>
</div>


<div class="container-fluid">
  <div class="row">
    <div class="col-md-1 col-md-offset-10">
      <i class="fa fa-chevron-circle-down fa-2x collapsable-control"
        onClick="javascript:$('#report .collapsable-details').collapse('show')"></i>
      <i class="fa fa-chevron-circle-up fa-2x collapsable-control"
        onClick="javascript:$('#report .collapsable-details').collapse('hide')"></i>
    </div>
  </div>
</div>

<br/>

<nav class="navbar navbar-default" id="footer">
  <div class="container-fluid">
    <p class="navbar-text navbar-right">
        <small>generate Cucumber HTML reports via:&nbsp;</small>
        <a class="navbar-link" href="https://github.com/jenkinsci/cucumber-reports-plugin">Jenkins Plugin</a> |
        <a class="navbar-link" href="https://github.com/damianszczepanik/cucumber-reporting">Standalone</a> |
        <a class="navbar-link" href="https://github.com/damianszczepanik/cucumber-sandwich">Sandwich</a> |
        <a class="navbar-link" href="https://github.com/damianszczepanik/maven-cucumber-reporting">Maven</a>
        &nbsp;&nbsp;
    </p>
  </div>
</nav>

</body>
</html>
